2025-03-07 14:30:36,051	INFO	Cleared for lift off!
2025-03-07 14:30:36,052	INFO	Processing Device: test
2025-03-07 14:30:36,242	INFO	Mission Accomplished!
2025-03-07 14:40:36,277	INFO	Cleared for lift off!
2025-03-07 14:40:36,278	INFO	Processing Device: test
2025-03-07 14:40:36,400	INFO	Mission Accomplished!
2025-07-22 10:03:18,409	INFO	Cleared for lift off!
2025-07-22 10:03:18,409	INFO	Processing BioTime URL: http://127.0.0.1:8080
2025-07-22 10:03:19,176	INFO	Mission Accomplished!
2025-07-22 10:13:28,587	INFO	Cleared for lift off!
2025-07-22 10:13:28,587	INFO	Processing BioTime URL: http://127.0.0.1:8080
2025-07-22 10:13:28,944	INFO	Mission Accomplished!
2025-07-22 10:32:47,165	INFO	Cleared for lift off!
2025-07-22 10:32:47,166	INFO	Processing BioTime URL: http://127.0.0.1:8080
2025-07-22 10:42:52,767	INFO	Cleared for lift off!
2025-07-22 10:42:52,769	INFO	Processing BioTime URL: http://127.0.0.1:8080
2025-07-22 10:53:08,210	INFO	Cleared for lift off!
2025-07-22 10:53:08,210	INFO	Processing BioTime URL: http://127.0.0.1:8080
2025-07-22 11:03:16,075	INFO	Cleared for lift off!
2025-07-22 11:03:16,076	INFO	Processing BioTime URL: http://127.0.0.1:8080
2025-07-22 11:13:17,097	INFO	Cleared for lift off!
2025-07-22 11:13:17,098	INFO	Processing BioTime URL: http://127.0.0.1:8080
2025-07-22 11:23:18,037	INFO	Cleared for lift off!
2025-07-22 11:23:18,038	INFO	Processing BioTime URL: http://127.0.0.1:8080
2025-07-22 11:33:19,145	INFO	Cleared for lift off!
2025-07-22 11:33:19,147	INFO	Processing BioTime URL: http://127.0.0.1:8080
2025-07-22 11:43:19,772	INFO	Cleared for lift off!
2025-07-22 11:43:19,774	INFO	Processing BioTime URL: http://127.0.0.1:8080
2025-07-22 11:43:20,723	INFO	Mission Accomplished!
2025-07-22 11:53:20,776	INFO	Cleared for lift off!
2025-07-22 11:53:20,778	INFO	Processing BioTime URL: http://127.0.0.1:8080
2025-07-22 11:53:21,815	INFO	Mission Accomplished!
2025-07-22 12:03:21,865	INFO	Cleared for lift off!
2025-07-22 12:03:21,866	INFO	Processing BioTime URL: http://127.0.0.1:8080
2025-07-22 12:03:22,691	INFO	Mission Accomplished!
2025-07-22 12:13:30,970	INFO	Cleared for lift off!
2025-07-22 12:13:30,971	INFO	Processing BioTime URL: http://127.0.0.1:8080
2025-07-22 12:13:32,013	INFO	Mission Accomplished!
2025-07-22 12:23:38,125	INFO	Cleared for lift off!
2025-07-22 12:23:38,127	INFO	Processing BioTime URL: http://127.0.0.1:8080
2025-07-22 12:23:39,204	INFO	Mission Accomplished!
2025-07-22 12:33:39,850	INFO	Cleared for lift off!
2025-07-22 12:33:39,853	INFO	Processing BioTime URL: http://127.0.0.1:8080
2025-07-22 12:55:44,670	INFO	Cleared for lift off!
2025-07-22 12:55:44,671	INFO	Processing BioTime URL: http://127.0.0.1:8080
2025-07-22 12:55:52,482	INFO	Successfully processed BioTIme Device: TST
2025-07-22 12:55:52,484	INFO	Mission Accomplished!
2025-07-22 13:05:55,013	INFO	Cleared for lift off!
2025-07-22 13:05:55,013	INFO	Processing BioTime URL: http://127.0.0.1:8080
2025-07-22 13:05:55,576	INFO	Successfully processed BioTIme Device: TST
2025-07-22 13:05:55,577	INFO	Mission Accomplished!
2025-07-22 13:16:09,756	INFO	Cleared for lift off!
2025-07-22 13:16:09,756	INFO	Processing BioTime URL: http://127.0.0.1:8080
2025-07-22 13:17:57,705	INFO	Successfully processed BioTIme Device: TST
2025-07-22 13:17:57,707	INFO	Mission Accomplished!
2025-07-22 13:26:24,368	INFO	Cleared for lift off!
2025-07-22 13:26:24,369	INFO	Processing BioTime URL: http://127.0.0.1:8080
2025-07-22 13:26:24,997	INFO	Successfully processed BioTIme Device: TST
2025-07-22 13:26:24,999	INFO	Mission Accomplished!
2025-07-22 13:36:25,030	INFO	Cleared for lift off!
2025-07-22 13:36:25,030	INFO	Processing BioTime URL: http://127.0.0.1:8080
2025-07-22 13:36:25,592	INFO	Successfully processed BioTIme Device: TST
2025-07-22 13:36:25,594	INFO	Mission Accomplished!
2025-07-22 13:46:25,620	INFO	Cleared for lift off!
2025-07-22 13:46:25,621	INFO	Processing BioTime URL: http://127.0.0.1:8080
2025-07-22 13:46:26,157	INFO	Successfully processed BioTIme Device: TST
2025-07-22 13:46:26,158	INFO	Mission Accomplished!
2025-07-22 13:56:26,189	INFO	Cleared for lift off!
2025-07-22 13:56:26,190	INFO	Processing BioTime URL: http://127.0.0.1:8080
2025-07-22 13:56:26,796	INFO	Successfully processed BioTIme Device: TST
2025-07-22 13:56:26,797	INFO	Mission Accomplished!
2025-07-22 14:06:26,824	INFO	Cleared for lift off!
2025-07-22 14:06:26,825	INFO	Processing BioTime URL: http://127.0.0.1:8080
2025-07-22 14:06:27,431	INFO	Successfully processed BioTIme Device: TST
2025-07-22 14:06:27,432	INFO	Mission Accomplished!
2025-07-22 14:16:27,470	INFO	Cleared for lift off!
2025-07-22 14:16:27,470	INFO	Processing BioTime URL: http://127.0.0.1:8080
2025-07-22 14:16:28,065	INFO	Successfully processed BioTIme Device: TST
2025-07-22 14:16:28,066	INFO	Mission Accomplished!
2025-07-22 14:26:36,396	INFO	Cleared for lift off!
2025-07-22 14:26:36,397	INFO	Processing BioTime URL: http://127.0.0.1:8080
2025-07-22 14:26:36,988	INFO	Successfully processed BioTIme Device: TST
2025-07-22 14:26:36,989	INFO	Mission Accomplished!
2025-07-22 14:36:37,028	INFO	Cleared for lift off!
2025-07-22 14:36:37,033	INFO	Processing BioTime URL: http://127.0.0.1:8080
2025-07-22 14:36:37,691	INFO	Successfully processed BioTIme Device: TST
2025-07-22 14:36:37,693	INFO	Mission Accomplished!
2025-07-22 14:46:37,727	INFO	Cleared for lift off!
2025-07-22 14:46:37,729	INFO	Processing BioTime URL: http://127.0.0.1:8080
2025-07-22 14:46:38,919	INFO	Successfully processed BioTIme Device: TST
2025-07-22 14:46:38,921	INFO	Mission Accomplished!
2025-07-22 14:56:49,647	INFO	Cleared for lift off!
2025-07-22 14:56:49,649	INFO	Processing BioTime URL: http://127.0.0.1:8080
2025-07-22 15:18:28,045	INFO	Cleared for lift off!
2025-07-22 15:18:28,046	INFO	Processing BioTime URL: http://127.0.0.1:8080
2025-07-22 15:28:28,951	INFO	Cleared for lift off!
2025-07-22 15:28:28,953	INFO	Processing BioTime URL: http://127.0.0.1:8080
2025-07-22 15:38:30,057	INFO	Cleared for lift off!
2025-07-22 15:38:30,069	INFO	Processing BioTime URL: http://127.0.0.1:8080
2025-07-22 15:48:30,987	INFO	Cleared for lift off!
2025-07-22 15:48:30,989	INFO	Processing BioTime URL: http://127.0.0.1:8080
2025-07-22 15:58:32,083	INFO	Cleared for lift off!
2025-07-22 15:58:32,086	INFO	Processing BioTime URL: http://127.0.0.1:8080
2025-07-22 16:08:39,037	INFO	Cleared for lift off!
2025-07-22 16:08:39,039	INFO	Processing BioTime URL: http://127.0.0.1:8080
2025-07-22 16:18:39,890	INFO	Cleared for lift off!
2025-07-22 16:18:39,893	INFO	Processing BioTime URL: http://127.0.0.1:8080
2025-07-22 16:28:40,866	INFO	Cleared for lift off!
2025-07-22 16:28:40,868	INFO	Processing BioTime URL: http://127.0.0.1:8080
2025-07-22 16:38:41,959	INFO	Cleared for lift off!
2025-07-22 16:38:41,960	INFO	Processing BioTime URL: http://127.0.0.1:8080
2025-07-22 16:48:42,949	INFO	Cleared for lift off!
2025-07-22 16:48:42,951	INFO	Processing BioTime URL: http://127.0.0.1:8080
2025-07-22 16:58:44,336	INFO	Cleared for lift off!
2025-07-22 16:58:44,337	INFO	Processing BioTime URL: http://127.0.0.1:8080
2025-07-22 17:10:34,183	INFO	Cleared for lift off!
2025-07-22 17:10:34,184	INFO	Processing BioTime URL: http://127.0.0.1:8080
2025-07-22 17:19:00,983	INFO	Cleared for lift off!
2025-07-22 17:19:00,984	INFO	Processing BioTime URL: http://127.0.0.1:8080
2025-07-22 17:19:01,554	INFO	Mission Accomplished!
2025-07-22 17:29:13,324	INFO	Cleared for lift off!
2025-07-22 17:29:13,325	INFO	Processing BioTime URL: http://127.0.0.1:8080
2025-07-22 17:29:13,815	INFO	Mission Accomplished!
2025-07-22 17:39:13,847	INFO	Cleared for lift off!
2025-07-22 17:39:13,848	INFO	Processing BioTime URL: http://127.0.0.1:8080
2025-07-22 17:39:14,311	INFO	Mission Accomplished!
2025-07-22 17:49:14,357	INFO	Cleared for lift off!
2025-07-22 17:49:14,358	INFO	Processing BioTime URL: http://127.0.0.1:8080
2025-07-22 17:49:14,932	INFO	Mission Accomplished!
2025-07-22 17:59:14,972	INFO	Cleared for lift off!
2025-07-22 17:59:14,975	INFO	Processing BioTime URL: http://127.0.0.1:8080
2025-07-22 17:59:15,596	INFO	Mission Accomplished!
2025-07-22 18:09:15,638	INFO	Cleared for lift off!
2025-07-22 18:09:15,640	INFO	Processing BioTime URL: http://127.0.0.1:8080
2025-07-22 18:09:16,187	INFO	Mission Accomplished!
2025-07-22 18:19:16,216	INFO	Cleared for lift off!
2025-07-22 18:19:16,218	INFO	Processing BioTime URL: http://127.0.0.1:8080
2025-07-22 18:19:17,310	INFO	Mission Accomplished!
2025-07-22 18:29:17,355	INFO	Cleared for lift off!
2025-07-22 18:29:17,358	INFO	Processing BioTime URL: http://127.0.0.1:8080
2025-07-22 18:29:18,511	INFO	Mission Accomplished!
2025-07-22 18:39:18,564	INFO	Cleared for lift off!
2025-07-22 18:39:18,568	INFO	Processing BioTime URL: http://127.0.0.1:8080
2025-07-22 18:39:19,512	INFO	Mission Accomplished!
2025-07-22 18:49:19,609	INFO	Cleared for lift off!
2025-07-22 18:49:19,610	INFO	Processing BioTime URL: http://127.0.0.1:8080
2025-07-22 18:49:20,655	INFO	Mission Accomplished!
2025-07-22 18:59:20,759	INFO	Cleared for lift off!
2025-07-22 18:59:20,760	INFO	Processing BioTime URL: http://127.0.0.1:8080
2025-07-22 18:59:22,046	INFO	Mission Accomplished!
2025-07-22 19:09:22,130	INFO	Cleared for lift off!
2025-07-22 19:09:22,132	INFO	Processing BioTime URL: http://127.0.0.1:8080
2025-07-22 19:09:23,481	INFO	Mission Accomplished!
2025-07-22 19:19:23,564	INFO	Cleared for lift off!
2025-07-22 19:19:23,580	INFO	Processing BioTime URL: http://127.0.0.1:8080
2025-07-22 19:19:24,631	INFO	Mission Accomplished!
2025-07-22 19:29:24,702	INFO	Cleared for lift off!
2025-07-22 19:29:24,704	INFO	Processing BioTime URL: http://127.0.0.1:8080
2025-07-22 19:29:25,816	INFO	Mission Accomplished!
2025-07-22 19:39:25,887	INFO	Cleared for lift off!
2025-07-22 19:39:25,888	INFO	Processing BioTime URL: http://127.0.0.1:8080
2025-07-22 19:39:26,949	INFO	Mission Accomplished!
2025-07-22 19:49:27,037	INFO	Cleared for lift off!
2025-07-22 19:49:27,041	INFO	Processing BioTime URL: http://127.0.0.1:8080
2025-07-22 19:49:28,074	INFO	Mission Accomplished!
2025-07-22 19:59:28,123	INFO	Cleared for lift off!
2025-07-22 19:59:28,125	INFO	Processing BioTime URL: http://127.0.0.1:8080
2025-07-22 19:59:28,867	INFO	Mission Accomplished!
2025-07-22 20:09:28,918	INFO	Cleared for lift off!
2025-07-22 20:09:28,925	INFO	Processing BioTime URL: http://127.0.0.1:8080
2025-07-22 20:09:29,955	INFO	Mission Accomplished!
2025-07-22 20:19:29,999	INFO	Cleared for lift off!
2025-07-22 20:19:30,002	INFO	Processing BioTime URL: http://127.0.0.1:8080
2025-07-22 20:19:30,794	INFO	Mission Accomplished!
2025-07-22 20:29:30,844	INFO	Cleared for lift off!
2025-07-22 20:29:30,864	INFO	Processing BioTime URL: http://127.0.0.1:8080
2025-07-22 20:29:31,946	INFO	Mission Accomplished!
2025-07-22 20:39:31,991	INFO	Cleared for lift off!
2025-07-22 20:39:31,992	INFO	Processing BioTime URL: http://127.0.0.1:8080
2025-07-22 20:39:33,087	INFO	Mission Accomplished!
2025-07-22 20:49:33,129	INFO	Cleared for lift off!
2025-07-22 20:49:33,133	INFO	Processing BioTime URL: http://127.0.0.1:8080
2025-07-22 20:49:34,155	INFO	Mission Accomplished!
2025-07-22 20:59:34,197	INFO	Cleared for lift off!
2025-07-22 20:59:34,200	INFO	Processing BioTime URL: http://127.0.0.1:8080
2025-07-22 20:59:35,646	INFO	Mission Accomplished!
2025-07-22 21:09:35,681	INFO	Cleared for lift off!
2025-07-22 21:09:35,682	INFO	Processing BioTime URL: http://127.0.0.1:8080
2025-07-22 21:09:37,000	INFO	Mission Accomplished!
2025-07-22 21:19:37,053	INFO	Cleared for lift off!
2025-07-22 21:19:37,054	INFO	Processing BioTime URL: http://127.0.0.1:8080
2025-07-22 21:19:38,103	INFO	Mission Accomplished!
2025-07-22 21:29:38,134	INFO	Cleared for lift off!
2025-07-22 21:29:38,136	INFO	Processing BioTime URL: http://127.0.0.1:8080
2025-07-22 21:29:39,058	INFO	Mission Accomplished!
2025-07-22 21:39:39,098	INFO	Cleared for lift off!
2025-07-22 21:39:39,099	INFO	Processing BioTime URL: http://127.0.0.1:8080
2025-07-22 21:39:39,846	INFO	Mission Accomplished!
2025-07-22 21:49:39,875	INFO	Cleared for lift off!
2025-07-22 21:49:39,878	INFO	Processing BioTime URL: http://127.0.0.1:8080
2025-07-22 21:49:40,918	INFO	Mission Accomplished!
2025-07-22 21:59:40,945	INFO	Cleared for lift off!
2025-07-22 21:59:40,953	INFO	Processing BioTime URL: http://127.0.0.1:8080
2025-07-22 21:59:42,048	INFO	Mission Accomplished!
2025-07-22 22:09:42,086	INFO	Cleared for lift off!
2025-07-22 22:09:42,087	INFO	Processing BioTime URL: http://127.0.0.1:8080
2025-07-22 22:09:42,822	INFO	Mission Accomplished!
2025-07-23 09:24:13,540	INFO	Cleared for lift off!
2025-07-23 09:24:14,238	INFO	Processing BioTime URL: http://127.0.0.1:8080
2025-07-23 09:24:18,731	INFO	Mission Accomplished!
2025-07-23 09:34:18,763	INFO	Cleared for lift off!
2025-07-23 09:34:18,764	INFO	Processing BioTime URL: http://127.0.0.1:8080
2025-07-23 09:34:19,230	INFO	Mission Accomplished!
2025-07-23 09:44:19,267	INFO	Cleared for lift off!
2025-07-23 09:44:19,273	INFO	Processing BioTime URL: http://127.0.0.1:8080
2025-07-23 09:44:20,162	INFO	Mission Accomplished!
2025-07-23 09:54:20,192	INFO	Cleared for lift off!
2025-07-23 09:54:20,194	INFO	Processing BioTime URL: http://127.0.0.1:8080
2025-07-23 09:54:20,849	INFO	Mission Accomplished!
2025-07-23 10:04:20,876	INFO	Cleared for lift off!
2025-07-23 10:04:20,882	INFO	Processing BioTime URL: http://127.0.0.1:8080
2025-07-23 10:04:21,913	INFO	Mission Accomplished!
2025-07-23 10:14:21,956	INFO	Cleared for lift off!
2025-07-23 10:14:21,960	INFO	Processing BioTime URL: http://127.0.0.1:8080
2025-07-23 10:14:23,149	INFO	Mission Accomplished!
2025-07-23 10:24:23,182	INFO	Cleared for lift off!
2025-07-23 10:24:23,184	INFO	Processing BioTime URL: http://127.0.0.1:8080
2025-07-23 10:24:23,899	INFO	Mission Accomplished!
2025-07-23 10:34:23,931	INFO	Cleared for lift off!
2025-07-23 10:34:23,933	INFO	Processing BioTime URL: http://127.0.0.1:8080
2025-07-23 10:34:24,898	INFO	Mission Accomplished!
2025-07-23 10:44:24,936	INFO	Cleared for lift off!
2025-07-23 10:44:24,937	INFO	Processing BioTime URL: http://127.0.0.1:8080
2025-07-23 10:44:25,956	INFO	Mission Accomplished!
2025-07-23 10:54:25,995	INFO	Cleared for lift off!
2025-07-23 10:54:26,005	INFO	Processing BioTime URL: http://127.0.0.1:8080
2025-07-23 10:54:27,238	INFO	Mission Accomplished!
2025-07-23 11:04:27,276	INFO	Cleared for lift off!
2025-07-23 11:04:27,277	INFO	Processing BioTime URL: http://127.0.0.1:8080
2025-07-23 11:04:28,248	INFO	Mission Accomplished!
2025-07-23 11:14:28,295	INFO	Cleared for lift off!
2025-07-23 11:14:28,297	INFO	Processing BioTime URL: http://127.0.0.1:8080
2025-07-23 11:14:29,229	INFO	Mission Accomplished!
2025-07-23 11:24:29,261	INFO	Cleared for lift off!
2025-07-23 11:24:29,262	INFO	Processing BioTime URL: http://127.0.0.1:8080
2025-07-23 11:24:29,826	INFO	Mission Accomplished!
2025-07-23 11:34:29,888	INFO	Cleared for lift off!
2025-07-23 11:34:29,889	INFO	Processing BioTime URL: http://127.0.0.1:8080
2025-07-23 11:34:30,393	INFO	Mission Accomplished!
2025-07-23 11:44:30,427	INFO	Cleared for lift off!
2025-07-23 11:44:30,428	INFO	Processing BioTime URL: http://127.0.0.1:8080
2025-07-23 11:44:31,001	INFO	Mission Accomplished!
2025-07-23 11:54:31,033	INFO	Cleared for lift off!
2025-07-23 11:54:31,035	INFO	Processing BioTime URL: http://127.0.0.1:8080
2025-07-23 11:54:31,597	INFO	Mission Accomplished!
2025-07-23 12:04:31,629	INFO	Cleared for lift off!
2025-07-23 12:04:31,630	INFO	Processing BioTime URL: http://127.0.0.1:8080
2025-07-23 12:04:32,180	INFO	Mission Accomplished!
2025-07-23 12:14:32,217	INFO	Cleared for lift off!
2025-07-23 12:14:32,218	INFO	Processing BioTime URL: http://127.0.0.1:8080
2025-07-23 12:14:32,747	INFO	Mission Accomplished!
2025-07-23 12:24:32,778	INFO	Cleared for lift off!
2025-07-23 12:24:32,778	INFO	Processing BioTime URL: http://127.0.0.1:8080
2025-07-23 12:24:33,245	INFO	Mission Accomplished!
2025-07-23 12:34:33,313	INFO	Cleared for lift off!
2025-07-23 12:34:33,313	INFO	Processing BioTime URL: http://127.0.0.1:8080
2025-07-23 12:34:33,871	INFO	Mission Accomplished!
2025-07-23 12:44:33,919	INFO	Cleared for lift off!
2025-07-23 12:44:33,928	INFO	Processing BioTime URL: http://127.0.0.1:8080
2025-07-23 12:44:34,471	INFO	Mission Accomplished!
2025-07-23 12:54:34,499	INFO	Cleared for lift off!
2025-07-23 12:54:34,501	INFO	Processing BioTime URL: http://127.0.0.1:8080
2025-07-23 12:54:34,957	INFO	Mission Accomplished!
2025-07-23 13:04:34,992	INFO	Cleared for lift off!
2025-07-23 13:04:34,995	INFO	Processing BioTime URL: http://127.0.0.1:8080
2025-07-23 13:04:35,876	INFO	Mission Accomplished!
2025-07-23 13:14:35,921	INFO	Cleared for lift off!
2025-07-23 13:14:35,924	INFO	Processing BioTime URL: http://127.0.0.1:8080
2025-07-23 13:14:36,979	INFO	Mission Accomplished!
2025-07-23 13:24:37,044	INFO	Cleared for lift off!
2025-07-23 13:24:37,050	INFO	Processing BioTime URL: http://127.0.0.1:8080
2025-07-23 13:24:38,082	INFO	Mission Accomplished!
2025-07-23 13:34:38,155	INFO	Cleared for lift off!
2025-07-23 13:34:38,157	INFO	Processing BioTime URL: http://127.0.0.1:8080
2025-07-23 13:34:39,094	INFO	Mission Accomplished!
2025-07-23 13:44:51,017	INFO	Cleared for lift off!
2025-07-23 13:44:51,018	INFO	Processing Device: TST
2025-07-23 13:54:51,091	INFO	Cleared for lift off!
2025-07-23 13:54:51,093	INFO	Processing Device: TST
2025-07-23 14:04:57,969	INFO	Cleared for lift off!
2025-07-23 14:04:57,970	INFO	Processing Device: TST
2025-07-23 14:04:58,970	INFO	Mission Accomplished!
2025-07-23 14:15:00,349	INFO	Cleared for lift off!
2025-07-23 14:15:00,350	INFO	Processing Device: biotime
2025-07-23 14:15:01,257	INFO	Successfully processed Device: biotime
2025-07-23 14:15:01,259	INFO	Mission Accomplished!
2025-07-23 14:25:01,292	INFO	Cleared for lift off!
2025-07-23 14:25:01,293	INFO	Processing Device: biotime
2025-07-23 14:25:02,200	INFO	Successfully processed Device: biotime
2025-07-23 14:25:02,202	INFO	Mission Accomplished!
2025-07-23 14:35:02,238	INFO	Cleared for lift off!
2025-07-23 14:35:02,239	INFO	Processing Device: biotime
2025-07-23 14:35:03,153	INFO	Successfully processed Device: biotime
2025-07-23 14:35:03,155	INFO	Mission Accomplished!
2025-07-23 14:45:04,075	INFO	Cleared for lift off!
2025-07-23 14:45:04,076	INFO	Processing Device: biotime
2025-07-23 14:45:05,034	INFO	Successfully processed Device: biotime
2025-07-23 14:45:05,036	INFO	Mission Accomplished!
2025-07-23 14:55:10,198	INFO	Cleared for lift off!
2025-07-23 14:55:10,198	INFO	Processing Device: biotime
2025-07-23 14:55:10,730	INFO	Successfully processed Device: biotime
2025-07-23 14:55:10,732	INFO	Mission Accomplished!
2025-07-23 15:05:22,114	INFO	Cleared for lift off!
2025-07-23 15:05:22,114	INFO	Processing Device: biotime
2025-07-23 15:05:22,556	INFO	Successfully processed Device: biotime
2025-07-23 15:05:22,557	INFO	Mission Accomplished!
2025-07-23 15:50:10,970	INFO	Cleared for lift off!
2025-07-23 15:50:10,971	INFO	Processing Device: biotime
2025-07-23 15:50:11,516	INFO	Successfully processed Device: biotime
2025-07-23 15:50:11,517	INFO	Mission Accomplished!
2025-07-23 15:55:05,566	INFO	Cleared for lift off!
2025-07-23 15:55:05,567	INFO	Processing Device: biotime
2025-07-23 15:55:06,024	INFO	Successfully processed Device: biotime
2025-07-23 15:55:06,025	INFO	Mission Accomplished!
2025-07-23 15:56:20,051	INFO	Cleared for lift off!
2025-07-23 15:56:20,051	INFO	Processing Device: biotime
2025-07-23 15:56:20,472	INFO	Successfully processed Device: biotime
2025-07-23 15:56:20,473	INFO	Mission Accomplished!
2025-07-23 15:57:20,477	INFO	Cleared for lift off!
2025-07-23 15:57:20,477	INFO	Processing Device: biotime
2025-07-23 15:57:20,943	INFO	Successfully processed Device: biotime
2025-07-23 15:57:20,944	INFO	Mission Accomplished!
2025-07-23 15:58:20,950	INFO	Cleared for lift off!
2025-07-23 15:58:20,951	INFO	Processing Device: biotime
2025-07-23 15:58:21,394	INFO	Successfully processed Device: biotime
2025-07-23 15:58:21,396	INFO	Mission Accomplished!
2025-07-23 15:59:21,402	INFO	Cleared for lift off!
2025-07-23 15:59:21,403	INFO	Processing Device: biotime
2025-07-23 15:59:21,851	INFO	Successfully processed Device: biotime
2025-07-23 15:59:21,852	INFO	Mission Accomplished!
2025-07-23 16:00:21,858	INFO	Cleared for lift off!
2025-07-23 16:00:21,859	INFO	Processing Device: biotime
2025-07-23 16:00:22,295	INFO	Successfully processed Device: biotime
2025-07-23 16:00:22,296	INFO	Mission Accomplished!
2025-07-23 16:01:22,300	INFO	Cleared for lift off!
2025-07-23 16:01:22,301	INFO	Processing Device: biotime
2025-07-23 16:01:22,745	INFO	Successfully processed Device: biotime
2025-07-23 16:01:22,746	INFO	Mission Accomplished!
2025-07-23 16:02:22,751	INFO	Cleared for lift off!
2025-07-23 16:02:22,753	INFO	Processing Device: biotime
2025-07-23 16:02:23,224	INFO	Successfully processed Device: biotime
2025-07-23 16:02:23,225	INFO	Mission Accomplished!
2025-07-23 16:03:23,230	INFO	Cleared for lift off!
2025-07-23 16:03:23,231	INFO	Processing Device: biotime
2025-07-23 16:12:05,363	INFO	Cleared for lift off!
2025-07-23 16:12:05,363	INFO	Processing Device: biotime
2025-07-23 16:12:05,844	INFO	Successfully processed Device: biotime
2025-07-23 16:12:05,846	INFO	Mission Accomplished!
2025-07-23 16:13:05,853	INFO	Cleared for lift off!
2025-07-23 16:13:05,854	INFO	Processing Device: biotime
2025-07-23 16:13:06,292	INFO	Successfully processed Device: biotime
2025-07-23 16:13:06,293	INFO	Mission Accomplished!
2025-07-23 16:14:06,297	INFO	Cleared for lift off!
2025-07-23 16:14:06,298	INFO	Processing Device: biotime
2025-07-23 16:14:06,729	INFO	Successfully processed Device: biotime
2025-07-23 16:14:06,730	INFO	Mission Accomplished!
2025-07-23 16:15:06,735	INFO	Cleared for lift off!
2025-07-23 16:15:06,737	INFO	Processing Device: biotime
2025-07-23 16:15:07,182	INFO	Successfully processed Device: biotime
2025-07-23 16:15:07,183	INFO	Mission Accomplished!
2025-07-23 16:16:07,187	INFO	Cleared for lift off!
2025-07-23 16:16:07,189	INFO	Processing Device: biotime
2025-07-23 16:16:07,613	INFO	Successfully processed Device: biotime
2025-07-23 16:16:07,614	INFO	Mission Accomplished!
2025-07-23 16:17:07,620	INFO	Cleared for lift off!
2025-07-23 16:17:07,621	INFO	Processing Device: biotime
2025-07-23 16:17:08,061	INFO	Successfully processed Device: biotime
2025-07-23 16:17:08,062	INFO	Mission Accomplished!
2025-07-23 16:18:08,070	INFO	Cleared for lift off!
2025-07-23 16:18:08,072	INFO	Processing Device: biotime
2025-07-23 16:18:08,742	INFO	Successfully processed Device: biotime
2025-07-23 16:18:08,743	INFO	Mission Accomplished!
2025-07-23 16:19:08,747	INFO	Cleared for lift off!
2025-07-23 16:19:08,747	INFO	Processing Device: biotime
2025-07-23 16:19:09,275	INFO	Successfully processed Device: biotime
2025-07-23 16:19:09,276	INFO	Mission Accomplished!
2025-07-23 16:20:23,592	INFO	Cleared for lift off!
2025-07-23 16:20:23,592	INFO	Processing Device: biotime
2025-07-23 16:20:24,013	INFO	Successfully processed Device: biotime
2025-07-23 16:20:24,014	INFO	Mission Accomplished!
2025-07-23 16:21:30,372	INFO	Cleared for lift off!
2025-07-23 16:21:30,373	INFO	Processing Device: biotime
2025-07-23 16:21:30,806	INFO	Successfully processed Device: biotime
2025-07-23 16:21:30,808	INFO	Mission Accomplished!
2025-07-23 16:22:30,814	INFO	Cleared for lift off!
2025-07-23 16:22:30,815	INFO	Processing Device: biotime
2025-07-23 16:22:31,268	INFO	Successfully processed Device: biotime
2025-07-23 16:22:31,269	INFO	Mission Accomplished!
2025-07-23 16:23:31,275	INFO	Cleared for lift off!
2025-07-23 16:23:31,276	INFO	Processing Device: biotime
2025-07-23 16:23:31,710	INFO	Successfully processed Device: biotime
2025-07-23 16:23:31,713	INFO	Mission Accomplished!
2025-07-23 16:24:31,718	INFO	Cleared for lift off!
2025-07-23 16:24:31,720	INFO	Processing Device: biotime
2025-07-23 16:24:32,194	INFO	Successfully processed Device: biotime
2025-07-23 16:24:32,196	INFO	Mission Accomplished!
2025-07-23 16:25:32,200	INFO	Cleared for lift off!
2025-07-23 16:25:32,202	INFO	Processing Device: biotime
2025-07-23 16:25:32,674	INFO	Successfully processed Device: biotime
2025-07-23 16:25:32,676	INFO	Mission Accomplished!
2025-07-23 16:26:32,681	INFO	Cleared for lift off!
2025-07-23 16:26:32,683	INFO	Processing Device: biotime
2025-07-23 16:26:33,142	INFO	Successfully processed Device: biotime
2025-07-23 16:26:33,143	INFO	Mission Accomplished!
2025-07-23 16:27:33,148	INFO	Cleared for lift off!
2025-07-23 16:27:33,150	INFO	Processing Device: biotime
2025-07-23 16:27:33,590	INFO	Successfully processed Device: biotime
2025-07-23 16:27:33,591	INFO	Mission Accomplished!
2025-07-23 16:28:33,599	INFO	Cleared for lift off!
2025-07-23 16:28:33,600	INFO	Processing Device: biotime
2025-07-23 16:28:34,037	INFO	Successfully processed Device: biotime
2025-07-23 16:28:34,038	INFO	Mission Accomplished!
2025-07-23 16:29:34,043	INFO	Cleared for lift off!
2025-07-23 16:29:34,044	INFO	Processing Device: biotime
2025-07-23 16:29:34,500	INFO	Successfully processed Device: biotime
2025-07-23 16:29:34,501	INFO	Mission Accomplished!
2025-07-23 16:30:35,436	INFO	Cleared for lift off!
2025-07-23 16:30:35,437	INFO	Processing Device: biotime
2025-07-23 16:30:35,863	INFO	Successfully processed Device: biotime
2025-07-23 16:30:35,865	INFO	Mission Accomplished!
2025-07-23 16:31:35,871	INFO	Cleared for lift off!
2025-07-23 16:31:35,873	INFO	Processing Device: biotime
2025-07-23 16:31:36,324	INFO	Successfully processed Device: biotime
2025-07-23 16:31:36,325	INFO	Mission Accomplished!
2025-07-23 16:32:36,331	INFO	Cleared for lift off!
2025-07-23 16:32:36,333	INFO	Processing Device: biotime
2025-07-23 16:32:36,773	INFO	Successfully processed Device: biotime
2025-07-23 16:32:36,776	INFO	Mission Accomplished!
2025-07-23 16:33:46,756	INFO	Cleared for lift off!
2025-07-23 16:33:46,758	INFO	Processing Device: biotime
2025-07-23 16:33:47,218	INFO	Successfully processed Device: biotime
2025-07-23 16:33:47,220	INFO	Mission Accomplished!
2025-07-23 16:34:47,227	INFO	Cleared for lift off!
2025-07-23 16:34:47,228	INFO	Processing Device: biotime
2025-07-23 16:34:47,780	INFO	Successfully processed Device: biotime
2025-07-23 16:34:47,782	INFO	Mission Accomplished!
2025-07-23 16:35:47,785	INFO	Cleared for lift off!
2025-07-23 16:35:47,786	INFO	Processing Device: biotime
2025-07-23 16:35:48,228	INFO	Successfully processed Device: biotime
2025-07-23 16:35:48,229	INFO	Mission Accomplished!
2025-07-23 16:36:48,232	INFO	Cleared for lift off!
2025-07-23 16:36:48,233	INFO	Processing Device: biotime
2025-07-23 16:36:48,693	INFO	Successfully processed Device: biotime
2025-07-23 16:36:48,694	INFO	Mission Accomplished!
2025-07-23 16:37:48,698	INFO	Cleared for lift off!
2025-07-23 16:37:48,698	INFO	Processing Device: biotime
2025-07-23 16:37:49,137	INFO	Successfully processed Device: biotime
2025-07-23 16:37:49,138	INFO	Mission Accomplished!
2025-07-23 16:38:49,145	INFO	Cleared for lift off!
2025-07-23 16:38:49,146	INFO	Processing Device: biotime
2025-07-23 16:38:49,601	INFO	Successfully processed Device: biotime
2025-07-23 16:38:49,602	INFO	Mission Accomplished!
2025-07-23 16:39:49,606	INFO	Cleared for lift off!
2025-07-23 16:39:49,606	INFO	Processing Device: biotime
2025-07-23 16:39:50,033	INFO	Successfully processed Device: biotime
2025-07-23 16:39:50,034	INFO	Mission Accomplished!
2025-07-23 16:40:50,807	INFO	Cleared for lift off!
2025-07-23 16:40:50,808	INFO	Processing Device: biotime
2025-07-23 16:40:51,242	INFO	Successfully processed Device: biotime
2025-07-23 16:40:51,243	INFO	Mission Accomplished!
2025-07-23 16:41:51,248	INFO	Cleared for lift off!
2025-07-23 16:41:51,250	INFO	Processing Device: biotime
2025-07-23 16:41:51,677	INFO	Successfully processed Device: biotime
2025-07-23 16:41:51,678	INFO	Mission Accomplished!
2025-07-23 16:42:51,684	INFO	Cleared for lift off!
2025-07-23 16:42:51,686	INFO	Processing Device: biotime
2025-07-23 16:42:52,137	INFO	Successfully processed Device: biotime
2025-07-23 16:42:52,139	INFO	Mission Accomplished!
2025-07-23 16:43:52,144	INFO	Cleared for lift off!
2025-07-23 16:43:52,146	INFO	Processing Device: biotime
2025-07-23 16:43:52,567	INFO	Successfully processed Device: biotime
2025-07-23 16:43:52,568	INFO	Mission Accomplished!
2025-07-23 16:44:52,572	INFO	Cleared for lift off!
2025-07-23 16:44:52,572	INFO	Processing Device: biotime
2025-07-23 16:44:53,027	INFO	Successfully processed Device: biotime
2025-07-23 16:44:53,028	INFO	Mission Accomplished!
2025-07-23 16:45:53,032	INFO	Cleared for lift off!
2025-07-23 16:45:53,032	INFO	Processing Device: biotime
2025-07-23 16:45:53,568	INFO	Successfully processed Device: biotime
2025-07-23 16:45:53,569	INFO	Mission Accomplished!
2025-07-23 16:46:53,574	INFO	Cleared for lift off!
2025-07-23 16:46:53,574	INFO	Processing Device: biotime
2025-07-23 16:46:54,020	INFO	Successfully processed Device: biotime
2025-07-23 16:46:54,021	INFO	Mission Accomplished!
2025-07-23 16:47:54,026	INFO	Cleared for lift off!
2025-07-23 16:47:54,026	INFO	Processing Device: biotime
2025-07-23 16:47:54,448	INFO	Successfully processed Device: biotime
2025-07-23 16:47:54,449	INFO	Mission Accomplished!
2025-07-23 16:48:54,454	INFO	Cleared for lift off!
2025-07-23 16:48:54,454	INFO	Processing Device: biotime
2025-07-23 16:48:54,893	INFO	Successfully processed Device: biotime
2025-07-23 16:48:54,894	INFO	Mission Accomplished!
2025-07-23 16:49:54,899	INFO	Cleared for lift off!
2025-07-23 16:49:54,899	INFO	Processing Device: biotime
2025-07-23 16:49:55,445	INFO	Successfully processed Device: biotime
2025-07-23 16:49:55,446	INFO	Mission Accomplished!
2025-07-23 16:50:55,451	INFO	Cleared for lift off!
2025-07-23 16:50:55,453	INFO	Processing Device: biotime
2025-07-23 16:50:55,876	INFO	Successfully processed Device: biotime
2025-07-23 16:50:55,877	INFO	Mission Accomplished!
2025-07-23 16:51:55,882	INFO	Cleared for lift off!
2025-07-23 16:51:55,883	INFO	Processing Device: biotime
2025-07-23 16:51:56,314	INFO	Successfully processed Device: biotime
2025-07-23 16:51:56,315	INFO	Mission Accomplished!
2025-07-23 16:52:56,321	INFO	Cleared for lift off!
2025-07-23 16:52:56,322	INFO	Processing Device: biotime
2025-07-23 16:52:56,726	INFO	Successfully processed Device: biotime
2025-07-23 16:52:56,727	INFO	Mission Accomplished!
2025-07-23 16:53:56,732	INFO	Cleared for lift off!
2025-07-23 16:53:56,734	INFO	Processing Device: biotime
2025-07-23 16:53:57,154	INFO	Successfully processed Device: biotime
2025-07-23 16:53:57,155	INFO	Mission Accomplished!
2025-07-23 16:54:57,160	INFO	Cleared for lift off!
2025-07-23 16:54:57,161	INFO	Processing Device: biotime
2025-07-23 16:54:57,581	INFO	Successfully processed Device: biotime
2025-07-23 16:54:57,582	INFO	Mission Accomplished!
2025-07-23 16:55:59,611	INFO	Cleared for lift off!
2025-07-23 16:55:59,613	INFO	Processing Device: biotime
2025-07-23 16:56:00,099	INFO	Successfully processed Device: biotime
2025-07-23 16:56:00,100	INFO	Mission Accomplished!
2025-07-23 16:57:00,105	INFO	Cleared for lift off!
2025-07-23 16:57:00,107	INFO	Processing Device: biotime
2025-07-23 16:57:00,563	INFO	Successfully processed Device: biotime
2025-07-23 16:57:00,565	INFO	Mission Accomplished!
2025-07-23 16:58:00,569	INFO	Cleared for lift off!
2025-07-23 16:58:00,570	INFO	Processing Device: biotime
2025-07-23 16:58:01,011	INFO	Successfully processed Device: biotime
2025-07-23 16:58:01,013	INFO	Mission Accomplished!
2025-07-23 16:59:01,018	INFO	Cleared for lift off!
2025-07-23 16:59:01,019	INFO	Processing Device: biotime
2025-07-23 16:59:01,478	INFO	Successfully processed Device: biotime
2025-07-23 16:59:01,479	INFO	Mission Accomplished!
2025-07-23 17:00:01,483	INFO	Cleared for lift off!
2025-07-23 17:00:01,484	INFO	Processing Device: biotime
2025-07-23 17:00:02,917	INFO	Successfully processed Device: biotime
2025-07-23 17:00:02,919	INFO	Mission Accomplished!
2025-07-23 17:01:02,924	INFO	Cleared for lift off!
2025-07-23 17:01:02,926	INFO	Processing Device: biotime
2025-07-23 17:01:03,938	INFO	Successfully processed Device: biotime
2025-07-23 17:01:03,940	INFO	Mission Accomplished!
2025-07-23 17:02:03,944	INFO	Cleared for lift off!
2025-07-23 17:02:03,945	INFO	Processing Device: biotime
2025-07-23 17:02:04,866	INFO	Successfully processed Device: biotime
2025-07-23 17:02:04,875	INFO	Mission Accomplished!
2025-07-23 17:03:04,880	INFO	Cleared for lift off!
2025-07-23 17:03:04,881	INFO	Processing Device: biotime
2025-07-23 17:03:05,789	INFO	Successfully processed Device: biotime
2025-07-23 17:03:05,790	INFO	Mission Accomplished!
2025-07-23 17:04:05,796	INFO	Cleared for lift off!
2025-07-23 17:04:05,798	INFO	Processing Device: biotime
2025-07-23 17:04:06,954	INFO	Successfully processed Device: biotime
2025-07-23 17:04:06,955	INFO	Mission Accomplished!
2025-07-23 17:05:06,971	INFO	Cleared for lift off!
2025-07-23 17:05:06,973	INFO	Processing Device: biotime
2025-07-23 17:05:07,955	INFO	Successfully processed Device: biotime
2025-07-23 17:05:07,956	INFO	Mission Accomplished!
2025-07-23 17:06:07,964	INFO	Cleared for lift off!
2025-07-23 17:06:07,965	INFO	Processing Device: biotime
2025-07-23 17:06:08,855	INFO	Successfully processed Device: biotime
2025-07-23 17:06:08,857	INFO	Mission Accomplished!
2025-07-23 17:08:52,152	INFO	Cleared for lift off!
2025-07-23 17:08:52,153	INFO	Processing Device: biotime
2025-07-23 17:08:53,654	INFO	Successfully processed Device: biotime
2025-07-23 17:08:53,656	INFO	Mission Accomplished!
2025-07-23 17:09:53,662	INFO	Cleared for lift off!
2025-07-23 17:09:53,662	INFO	Processing Device: biotime
2025-07-23 17:09:54,954	INFO	Successfully processed Device: biotime
2025-07-23 17:09:54,956	INFO	Mission Accomplished!
2025-07-23 17:12:10,982	INFO	Cleared for lift off!
2025-07-23 17:12:10,982	INFO	Processing Device: biotime
2025-07-23 17:12:12,681	INFO	Successfully processed Device: biotime
2025-07-23 17:12:12,683	INFO	Mission Accomplished!
2025-07-23 17:13:12,687	INFO	Cleared for lift off!
2025-07-23 17:13:12,690	INFO	Processing Device: biotime
2025-07-23 17:13:13,928	INFO	Successfully processed Device: biotime
2025-07-23 17:13:13,930	INFO	Mission Accomplished!
2025-07-23 17:14:13,935	INFO	Cleared for lift off!
2025-07-23 17:14:13,937	INFO	Processing Device: biotime
2025-07-23 17:14:15,723	INFO	Successfully processed Device: biotime
2025-07-23 17:14:15,725	INFO	Mission Accomplished!
2025-07-23 17:15:15,731	INFO	Cleared for lift off!
2025-07-23 17:15:15,733	INFO	Processing Device: biotime
2025-07-23 17:15:17,398	INFO	Successfully processed Device: biotime
2025-07-23 17:15:17,400	INFO	Mission Accomplished!
2025-07-23 17:16:18,242	INFO	Cleared for lift off!
2025-07-23 17:16:18,243	INFO	Processing Device: biotime
2025-07-23 17:16:19,629	INFO	Successfully processed Device: biotime
2025-07-23 17:16:19,633	INFO	Mission Accomplished!
2025-07-23 17:17:19,639	INFO	Cleared for lift off!
2025-07-23 17:17:19,640	INFO	Processing Device: biotime
2025-07-23 17:17:21,208	INFO	Successfully processed Device: biotime
2025-07-23 17:17:21,210	INFO	Mission Accomplished!
2025-07-23 17:18:21,214	INFO	Cleared for lift off!
2025-07-23 17:18:21,216	INFO	Processing Device: biotime
2025-07-23 17:18:22,776	INFO	Successfully processed Device: biotime
2025-07-23 17:18:22,777	INFO	Mission Accomplished!
2025-07-23 17:19:22,784	INFO	Cleared for lift off!
2025-07-23 17:19:22,785	INFO	Processing Device: biotime
2025-07-23 17:19:24,409	INFO	Successfully processed Device: biotime
2025-07-23 17:19:24,412	INFO	Mission Accomplished!
2025-07-23 17:20:24,418	INFO	Cleared for lift off!
2025-07-23 17:20:24,420	INFO	Processing Device: biotime
2025-07-23 17:20:25,703	INFO	Successfully processed Device: biotime
2025-07-23 17:20:25,705	INFO	Mission Accomplished!
2025-07-23 17:21:25,709	INFO	Cleared for lift off!
2025-07-23 17:21:25,709	INFO	Processing Device: biotime
2025-07-23 17:21:26,897	INFO	Successfully processed Device: biotime
2025-07-23 17:21:26,898	INFO	Mission Accomplished!
2025-07-23 17:22:26,904	INFO	Cleared for lift off!
2025-07-23 17:22:26,905	INFO	Processing Device: biotime
2025-07-23 17:22:28,749	INFO	Successfully processed Device: biotime
2025-07-23 17:22:28,752	INFO	Mission Accomplished!
2025-07-23 17:23:28,756	INFO	Cleared for lift off!
2025-07-23 17:23:28,758	INFO	Processing Device: biotime
2025-07-23 17:23:30,443	INFO	Successfully processed Device: biotime
2025-07-23 17:23:30,445	INFO	Mission Accomplished!
2025-07-23 17:24:30,451	INFO	Cleared for lift off!
2025-07-23 17:24:30,453	INFO	Processing Device: biotime
2025-07-23 17:24:32,284	INFO	Successfully processed Device: biotime
2025-07-23 17:24:32,287	INFO	Mission Accomplished!
2025-07-23 17:25:32,294	INFO	Cleared for lift off!
2025-07-23 17:25:32,296	INFO	Processing Device: biotime
2025-07-23 17:25:34,030	INFO	Successfully processed Device: biotime
2025-07-23 17:25:34,032	INFO	Mission Accomplished!
2025-07-23 17:26:34,039	INFO	Cleared for lift off!
2025-07-23 17:26:34,040	INFO	Processing Device: biotime
2025-07-23 17:26:35,454	INFO	Successfully processed Device: biotime
2025-07-23 17:26:35,456	INFO	Mission Accomplished!
2025-07-23 17:27:35,460	INFO	Cleared for lift off!
2025-07-23 17:27:35,461	INFO	Processing Device: biotime
2025-07-23 17:27:36,891	INFO	Successfully processed Device: biotime
2025-07-23 17:27:36,893	INFO	Mission Accomplished!
2025-07-23 17:28:36,900	INFO	Cleared for lift off!
2025-07-23 17:28:36,901	INFO	Processing Device: biotime
2025-07-23 17:28:38,366	INFO	Successfully processed Device: biotime
2025-07-23 17:28:38,368	INFO	Mission Accomplished!
2025-07-23 17:29:38,394	INFO	Cleared for lift off!
2025-07-23 17:29:38,396	INFO	Processing Device: biotime
2025-07-23 17:29:39,910	INFO	Successfully processed Device: biotime
2025-07-23 17:29:39,911	INFO	Mission Accomplished!
2025-07-23 17:30:39,920	INFO	Cleared for lift off!
2025-07-23 17:30:39,922	INFO	Processing Device: biotime
2025-07-23 17:30:41,684	INFO	Successfully processed Device: biotime
2025-07-23 17:30:41,687	INFO	Mission Accomplished!
2025-07-23 17:31:41,695	INFO	Cleared for lift off!
2025-07-23 17:31:41,696	INFO	Processing Device: biotime
2025-07-23 17:31:44,105	INFO	Successfully processed Device: biotime
2025-07-23 17:31:44,107	INFO	Mission Accomplished!
2025-07-23 17:32:57,943	INFO	Cleared for lift off!
2025-07-23 17:32:57,944	INFO	Processing Device: biotime
2025-07-23 17:32:59,457	INFO	Successfully processed Device: biotime
2025-07-23 17:32:59,459	INFO	Mission Accomplished!
2025-07-23 17:33:59,466	INFO	Cleared for lift off!
2025-07-23 17:33:59,468	INFO	Processing Device: biotime
2025-07-23 17:34:01,240	INFO	Successfully processed Device: biotime
2025-07-23 17:34:01,242	INFO	Mission Accomplished!
2025-07-23 17:35:01,249	INFO	Cleared for lift off!
2025-07-23 17:35:01,252	INFO	Processing Device: biotime
2025-07-23 17:35:02,751	INFO	Successfully processed Device: biotime
2025-07-23 17:35:02,753	INFO	Mission Accomplished!
2025-07-23 17:36:02,760	INFO	Cleared for lift off!
2025-07-23 17:36:02,761	INFO	Processing Device: biotime
2025-07-23 17:36:04,641	INFO	Successfully processed Device: biotime
2025-07-23 17:36:04,643	INFO	Mission Accomplished!
2025-07-23 17:37:04,655	INFO	Cleared for lift off!
2025-07-23 17:37:04,655	INFO	Processing Device: biotime
2025-07-23 17:37:06,286	INFO	Successfully processed Device: biotime
2025-07-23 17:37:06,288	INFO	Mission Accomplished!
2025-07-23 17:38:41,573	INFO	Cleared for lift off!
2025-07-23 17:38:41,574	INFO	Processing Device: biotime
2025-07-23 17:38:43,112	INFO	Successfully processed Device: biotime
2025-07-23 17:38:43,114	INFO	Mission Accomplished!
2025-07-23 17:39:43,646	INFO	Cleared for lift off!
2025-07-23 17:39:43,647	INFO	Processing Device: biotime
2025-07-23 17:39:45,103	INFO	Successfully processed Device: biotime
2025-07-23 17:39:45,105	INFO	Mission Accomplished!
2025-07-23 17:40:45,111	INFO	Cleared for lift off!
2025-07-23 17:40:45,111	INFO	Processing Device: biotime
2025-07-23 17:40:46,342	INFO	Successfully processed Device: biotime
2025-07-23 17:40:46,344	INFO	Mission Accomplished!
2025-07-23 17:41:46,348	INFO	Cleared for lift off!
2025-07-23 17:41:46,350	INFO	Processing Device: biotime
2025-07-23 17:41:47,790	INFO	Successfully processed Device: biotime
2025-07-23 17:41:47,794	INFO	Mission Accomplished!
2025-07-23 17:42:47,800	INFO	Cleared for lift off!
2025-07-23 17:42:47,801	INFO	Processing Device: biotime
2025-07-23 17:42:49,593	INFO	Successfully processed Device: biotime
2025-07-23 17:42:49,595	INFO	Mission Accomplished!
2025-07-23 17:43:49,600	INFO	Cleared for lift off!
2025-07-23 17:43:49,601	INFO	Processing Device: biotime
2025-07-23 17:43:51,191	INFO	Successfully processed Device: biotime
2025-07-23 17:43:51,194	INFO	Mission Accomplished!
2025-07-23 17:44:51,200	INFO	Cleared for lift off!
2025-07-23 17:44:51,202	INFO	Processing Device: biotime
2025-07-23 17:44:52,546	INFO	Successfully processed Device: biotime
2025-07-23 17:44:52,548	INFO	Mission Accomplished!
2025-07-23 17:45:52,553	INFO	Cleared for lift off!
2025-07-23 17:45:52,554	INFO	Processing Device: biotime
2025-07-23 17:45:53,959	INFO	Successfully processed Device: biotime
2025-07-23 17:45:53,962	INFO	Mission Accomplished!
2025-07-23 17:46:53,967	INFO	Cleared for lift off!
2025-07-23 17:46:53,968	INFO	Processing Device: biotime
2025-07-23 17:46:55,360	INFO	Successfully processed Device: biotime
2025-07-23 17:46:55,362	INFO	Mission Accomplished!
2025-07-23 17:47:55,366	INFO	Cleared for lift off!
2025-07-23 17:47:55,367	INFO	Processing Device: biotime
2025-07-23 17:47:56,903	INFO	Successfully processed Device: biotime
2025-07-23 17:47:56,905	INFO	Mission Accomplished!
2025-07-23 17:48:56,910	INFO	Cleared for lift off!
2025-07-23 17:48:56,912	INFO	Processing Device: biotime
2025-07-23 17:48:58,369	INFO	Successfully processed Device: biotime
2025-07-23 17:48:58,372	INFO	Mission Accomplished!
2025-07-23 17:49:58,379	INFO	Cleared for lift off!
2025-07-23 17:49:58,380	INFO	Processing Device: biotime
2025-07-23 17:49:59,963	INFO	Successfully processed Device: biotime
2025-07-23 17:49:59,965	INFO	Mission Accomplished!
2025-07-23 17:50:59,971	INFO	Cleared for lift off!
2025-07-23 17:50:59,972	INFO	Processing Device: biotime
2025-07-23 17:51:01,617	INFO	Successfully processed Device: biotime
2025-07-23 17:51:01,619	INFO	Mission Accomplished!
2025-07-23 17:52:01,626	INFO	Cleared for lift off!
2025-07-23 17:52:01,628	INFO	Processing Device: biotime
2025-07-23 17:52:03,334	INFO	Successfully processed Device: biotime
2025-07-23 17:52:03,337	INFO	Mission Accomplished!
2025-07-23 17:53:21,252	INFO	Cleared for lift off!
2025-07-23 17:53:21,252	INFO	Processing Device: biotime
2025-07-23 17:53:22,750	INFO	Successfully processed Device: biotime
2025-07-23 17:53:22,753	INFO	Mission Accomplished!
2025-07-23 17:54:22,769	INFO	Cleared for lift off!
2025-07-23 17:54:22,770	INFO	Processing Device: biotime
2025-07-23 17:54:24,441	INFO	Successfully processed Device: biotime
2025-07-23 17:54:24,443	INFO	Mission Accomplished!
2025-07-23 17:56:34,702	INFO	Cleared for lift off!
2025-07-23 17:56:34,702	INFO	Processing Device: biotime
2025-07-23 17:56:36,343	INFO	Successfully processed Device: biotime
2025-07-23 17:56:36,345	INFO	Mission Accomplished!
2025-07-23 17:57:50,191	INFO	Cleared for lift off!
2025-07-23 17:57:50,192	INFO	Processing Device: biotime
2025-07-23 17:57:51,786	INFO	Successfully processed Device: biotime
2025-07-23 17:57:51,788	INFO	Mission Accomplished!
2025-07-23 17:59:01,177	INFO	Cleared for lift off!
2025-07-23 17:59:01,178	INFO	Processing Device: biotime
2025-07-23 18:00:30,792	INFO	Successfully processed Device: biotime
2025-07-23 18:00:30,796	INFO	Mission Accomplished!
2025-07-23 18:00:45,804	INFO	Cleared for lift off!
2025-07-23 18:00:45,806	INFO	Processing Device: biotime
2025-07-23 18:00:47,674	INFO	Successfully processed Device: biotime
2025-07-23 18:00:47,680	INFO	Mission Accomplished!
2025-07-23 18:01:47,688	INFO	Cleared for lift off!
2025-07-23 18:01:47,690	INFO	Processing Device: biotime
2025-07-23 18:01:49,396	INFO	Successfully processed Device: biotime
2025-07-23 18:01:49,399	INFO	Mission Accomplished!
2025-07-23 18:02:57,499	INFO	Cleared for lift off!
2025-07-23 18:02:57,500	INFO	Processing Device: biotime
2025-07-23 18:02:59,324	INFO	Successfully processed Device: biotime
2025-07-23 18:02:59,326	INFO	Mission Accomplished!
2025-07-23 18:03:59,331	INFO	Cleared for lift off!
2025-07-23 18:03:59,332	INFO	Processing Device: biotime
2025-07-23 18:05:42,311	INFO	Successfully processed Device: biotime
2025-07-23 18:05:42,313	INFO	Mission Accomplished!
2025-07-23 18:05:57,317	INFO	Cleared for lift off!
2025-07-23 18:05:57,318	INFO	Processing Device: biotime
2025-07-23 18:05:58,991	INFO	Successfully processed Device: biotime
2025-07-23 18:05:58,993	INFO	Mission Accomplished!
2025-07-23 18:06:59,002	INFO	Cleared for lift off!
2025-07-23 18:06:59,003	INFO	Processing Device: biotime
2025-07-23 18:07:01,033	INFO	Successfully processed Device: biotime
2025-07-23 18:07:01,036	INFO	Mission Accomplished!
2025-07-23 18:08:01,041	INFO	Cleared for lift off!
2025-07-23 18:08:01,042	INFO	Processing Device: biotime
2025-07-23 18:08:02,856	INFO	Successfully processed Device: biotime
2025-07-23 18:08:02,859	INFO	Mission Accomplished!
2025-07-23 18:09:02,866	INFO	Cleared for lift off!
2025-07-23 18:09:02,867	INFO	Processing Device: biotime
2025-07-23 18:09:04,093	INFO	Successfully processed Device: biotime
2025-07-23 18:09:04,095	INFO	Mission Accomplished!
2025-07-23 18:10:04,102	INFO	Cleared for lift off!
2025-07-23 18:10:04,102	INFO	Processing Device: biotime
2025-07-23 18:10:05,560	INFO	Successfully processed Device: biotime
2025-07-23 18:10:05,562	INFO	Mission Accomplished!
2025-07-23 18:11:05,567	INFO	Cleared for lift off!
2025-07-23 18:11:05,568	INFO	Processing Device: biotime
2025-07-23 18:11:06,836	INFO	Successfully processed Device: biotime
2025-07-23 18:11:06,838	INFO	Mission Accomplished!
2025-07-23 18:12:06,843	INFO	Cleared for lift off!
2025-07-23 18:12:06,845	INFO	Processing Device: biotime
2025-07-23 18:12:08,298	INFO	Successfully processed Device: biotime
2025-07-23 18:12:08,299	INFO	Mission Accomplished!
2025-07-23 18:13:08,306	INFO	Cleared for lift off!
2025-07-23 18:13:08,307	INFO	Processing Device: biotime
2025-07-23 18:13:10,004	INFO	Successfully processed Device: biotime
2025-07-23 18:13:10,006	INFO	Mission Accomplished!
2025-07-23 18:14:10,011	INFO	Cleared for lift off!
2025-07-23 18:14:10,012	INFO	Processing Device: biotime
2025-07-23 18:14:11,713	INFO	Successfully processed Device: biotime
2025-07-23 18:14:11,714	INFO	Mission Accomplished!
2025-07-23 18:15:11,721	INFO	Cleared for lift off!
2025-07-23 18:15:11,722	INFO	Processing Device: biotime
2025-07-23 18:15:13,421	INFO	Successfully processed Device: biotime
2025-07-23 18:15:13,423	INFO	Mission Accomplished!
2025-07-23 18:16:25,828	INFO	Cleared for lift off!
2025-07-23 18:16:25,829	INFO	Processing Device: biotime
2025-07-23 18:16:27,182	INFO	Successfully processed Device: biotime
2025-07-23 18:16:27,183	INFO	Mission Accomplished!
2025-07-23 18:17:27,188	INFO	Cleared for lift off!
2025-07-23 18:17:27,189	INFO	Processing Device: biotime
2025-07-23 18:17:28,609	INFO	Successfully processed Device: biotime
2025-07-23 18:17:28,611	INFO	Mission Accomplished!
2025-07-23 18:18:28,618	INFO	Cleared for lift off!
2025-07-23 18:18:28,620	INFO	Processing Device: biotime
2025-07-23 18:18:30,402	INFO	Successfully processed Device: biotime
2025-07-23 18:18:30,404	INFO	Mission Accomplished!
2025-07-23 18:19:30,409	INFO	Cleared for lift off!
2025-07-23 18:19:30,410	INFO	Processing Device: biotime
2025-07-23 18:19:31,955	INFO	Successfully processed Device: biotime
2025-07-23 18:19:31,956	INFO	Mission Accomplished!
2025-07-23 18:20:31,961	INFO	Cleared for lift off!
2025-07-23 18:20:31,963	INFO	Processing Device: biotime
2025-07-23 18:20:33,363	INFO	Successfully processed Device: biotime
2025-07-23 18:20:33,365	INFO	Mission Accomplished!
2025-07-23 18:21:33,370	INFO	Cleared for lift off!
2025-07-23 18:21:33,370	INFO	Processing Device: biotime
2025-07-23 18:21:34,741	INFO	Successfully processed Device: biotime
2025-07-23 18:21:34,743	INFO	Mission Accomplished!
2025-07-23 18:22:34,748	INFO	Cleared for lift off!
2025-07-23 18:22:34,749	INFO	Processing Device: biotime
2025-07-23 18:22:36,321	INFO	Successfully processed Device: biotime
2025-07-23 18:22:36,324	INFO	Mission Accomplished!
2025-07-23 18:23:36,330	INFO	Cleared for lift off!
2025-07-23 18:23:36,332	INFO	Processing Device: biotime
2025-07-23 18:23:37,699	INFO	Successfully processed Device: biotime
2025-07-23 18:23:37,701	INFO	Mission Accomplished!
2025-07-23 18:24:37,706	INFO	Cleared for lift off!
2025-07-23 18:24:37,707	INFO	Processing Device: biotime
2025-07-23 18:24:39,363	INFO	Successfully processed Device: biotime
2025-07-23 18:24:39,365	INFO	Mission Accomplished!
2025-07-23 18:25:39,371	INFO	Cleared for lift off!
2025-07-23 18:25:39,372	INFO	Processing Device: biotime
2025-07-23 18:25:41,272	INFO	Successfully processed Device: biotime
2025-07-23 18:25:41,275	INFO	Mission Accomplished!
2025-07-23 18:26:41,286	INFO	Cleared for lift off!
2025-07-23 18:26:41,287	INFO	Processing Device: biotime
2025-07-23 18:26:42,819	INFO	Successfully processed Device: biotime
2025-07-23 18:26:42,821	INFO	Mission Accomplished!
2025-07-23 18:27:42,828	INFO	Cleared for lift off!
2025-07-23 18:27:42,830	INFO	Processing Device: biotime
2025-07-23 18:27:44,322	INFO	Successfully processed Device: biotime
2025-07-23 18:27:44,323	INFO	Mission Accomplished!
2025-07-23 18:28:44,330	INFO	Cleared for lift off!
2025-07-23 18:28:44,331	INFO	Processing Device: biotime
2025-07-23 18:28:45,674	INFO	Successfully processed Device: biotime
2025-07-23 18:28:45,676	INFO	Mission Accomplished!
2025-07-23 18:29:45,682	INFO	Cleared for lift off!
2025-07-23 18:29:45,683	INFO	Processing Device: biotime
2025-07-23 18:29:47,348	INFO	Successfully processed Device: biotime
2025-07-23 18:29:47,350	INFO	Mission Accomplished!
2025-07-23 18:30:47,354	INFO	Cleared for lift off!
2025-07-23 18:30:47,355	INFO	Processing Device: biotime
2025-07-23 18:30:48,761	INFO	Successfully processed Device: biotime
2025-07-23 18:30:48,764	INFO	Mission Accomplished!
2025-07-23 18:31:48,768	INFO	Cleared for lift off!
2025-07-23 18:31:48,769	INFO	Processing Device: biotime
2025-07-23 18:31:50,115	INFO	Successfully processed Device: biotime
2025-07-23 18:31:50,117	INFO	Mission Accomplished!
2025-07-23 18:32:50,123	INFO	Cleared for lift off!
2025-07-23 18:32:50,124	INFO	Processing Device: biotime
2025-07-23 18:32:51,628	INFO	Successfully processed Device: biotime
2025-07-23 18:32:51,631	INFO	Mission Accomplished!
2025-07-23 18:33:51,638	INFO	Cleared for lift off!
2025-07-23 18:33:51,639	INFO	Processing Device: biotime
2025-07-23 18:33:53,413	INFO	Successfully processed Device: biotime
2025-07-23 18:33:53,415	INFO	Mission Accomplished!
2025-07-23 18:34:53,421	INFO	Cleared for lift off!
2025-07-23 18:34:53,424	INFO	Processing Device: biotime
2025-07-23 18:34:55,020	INFO	Successfully processed Device: biotime
2025-07-23 18:34:55,022	INFO	Mission Accomplished!
2025-07-23 18:35:55,035	INFO	Cleared for lift off!
2025-07-23 18:35:55,036	INFO	Processing Device: biotime
2025-07-23 18:35:56,430	INFO	Successfully processed Device: biotime
2025-07-23 18:35:56,431	INFO	Mission Accomplished!
2025-07-23 18:36:56,437	INFO	Cleared for lift off!
2025-07-23 18:36:56,438	INFO	Processing Device: biotime
2025-07-23 18:36:58,042	INFO	Successfully processed Device: biotime
2025-07-23 18:36:58,044	INFO	Mission Accomplished!
2025-07-23 18:37:58,052	INFO	Cleared for lift off!
2025-07-23 18:37:58,053	INFO	Processing Device: biotime
2025-07-23 18:37:59,791	INFO	Successfully processed Device: biotime
2025-07-23 18:37:59,793	INFO	Mission Accomplished!
2025-07-23 18:38:59,797	INFO	Cleared for lift off!
2025-07-23 18:38:59,798	INFO	Processing Device: biotime
2025-07-23 18:39:01,180	INFO	Successfully processed Device: biotime
2025-07-23 18:39:01,183	INFO	Mission Accomplished!
2025-07-23 18:40:01,189	INFO	Cleared for lift off!
2025-07-23 18:40:01,192	INFO	Processing Device: biotime
2025-07-23 18:40:02,594	INFO	Successfully processed Device: biotime
2025-07-23 18:40:02,596	INFO	Mission Accomplished!
2025-07-23 18:41:02,605	INFO	Cleared for lift off!
2025-07-23 18:41:02,606	INFO	Processing Device: biotime
2025-07-23 18:41:04,186	INFO	Successfully processed Device: biotime
2025-07-23 18:41:04,188	INFO	Mission Accomplished!
2025-07-23 18:42:04,195	INFO	Cleared for lift off!
2025-07-23 18:42:04,196	INFO	Processing Device: biotime
2025-07-23 18:42:05,603	INFO	Successfully processed Device: biotime
2025-07-23 18:42:05,605	INFO	Mission Accomplished!
2025-07-23 18:43:05,612	INFO	Cleared for lift off!
2025-07-23 18:43:05,613	INFO	Processing Device: biotime
2025-07-23 18:43:06,887	INFO	Successfully processed Device: biotime
2025-07-23 18:43:06,889	INFO	Mission Accomplished!
2025-07-23 18:44:06,894	INFO	Cleared for lift off!
2025-07-23 18:44:06,895	INFO	Processing Device: biotime
2025-07-23 18:44:08,359	INFO	Successfully processed Device: biotime
2025-07-23 18:44:08,362	INFO	Mission Accomplished!
2025-07-23 18:45:08,366	INFO	Cleared for lift off!
2025-07-23 18:45:08,367	INFO	Processing Device: biotime
2025-07-23 18:45:09,840	INFO	Successfully processed Device: biotime
2025-07-23 18:45:09,841	INFO	Mission Accomplished!
2025-07-23 18:46:09,847	INFO	Cleared for lift off!
2025-07-23 18:46:09,849	INFO	Processing Device: biotime
2025-07-23 18:46:11,448	INFO	Successfully processed Device: biotime
2025-07-23 18:46:11,451	INFO	Mission Accomplished!
2025-07-23 18:47:11,457	INFO	Cleared for lift off!
2025-07-23 18:47:11,458	INFO	Processing Device: biotime
2025-07-23 18:47:13,776	INFO	Successfully processed Device: biotime
2025-07-23 18:47:13,779	INFO	Mission Accomplished!
2025-07-23 18:48:13,781	INFO	Cleared for lift off!
2025-07-23 18:48:13,782	INFO	Processing Device: biotime
2025-07-23 18:48:16,283	INFO	Successfully processed Device: biotime
2025-07-23 18:48:16,287	INFO	Mission Accomplished!
2025-07-23 18:49:16,293	INFO	Cleared for lift off!
2025-07-23 18:49:16,294	INFO	Processing Device: biotime
2025-07-23 18:49:19,062	INFO	Successfully processed Device: biotime
2025-07-23 18:49:19,093	INFO	Mission Accomplished!
2025-07-23 18:50:19,098	INFO	Cleared for lift off!
2025-07-23 18:50:19,099	INFO	Processing Device: biotime
2025-07-23 18:50:20,677	INFO	Successfully processed Device: biotime
2025-07-23 18:50:20,680	INFO	Mission Accomplished!
2025-07-23 18:51:20,676	INFO	Cleared for lift off!
2025-07-23 18:51:20,677	INFO	Processing Device: biotime
2025-07-23 18:51:22,191	INFO	Successfully processed Device: biotime
2025-07-23 18:51:22,193	INFO	Mission Accomplished!
2025-07-23 18:52:22,190	INFO	Cleared for lift off!
2025-07-23 18:52:22,191	INFO	Processing Device: biotime
2025-07-23 18:52:24,173	INFO	Successfully processed Device: biotime
2025-07-23 18:52:24,179	INFO	Mission Accomplished!
2025-07-23 18:53:24,175	INFO	Cleared for lift off!
2025-07-23 18:53:24,177	INFO	Processing Device: biotime
2025-07-23 18:53:26,229	INFO	Successfully processed Device: biotime
2025-07-23 18:53:26,234	INFO	Mission Accomplished!
2025-07-23 18:54:26,232	INFO	Cleared for lift off!
2025-07-23 18:54:26,234	INFO	Processing Device: biotime
2025-07-23 18:54:28,408	INFO	Successfully processed Device: biotime
2025-07-23 18:54:28,410	INFO	Mission Accomplished!
2025-07-23 18:55:28,408	INFO	Cleared for lift off!
2025-07-23 18:55:28,409	INFO	Processing Device: biotime
2025-07-23 18:55:30,282	INFO	Successfully processed Device: biotime
2025-07-23 18:55:30,290	INFO	Mission Accomplished!
2025-07-23 18:56:30,289	INFO	Cleared for lift off!
2025-07-23 18:56:30,290	INFO	Processing Device: biotime
2025-07-23 18:56:32,702	INFO	Successfully processed Device: biotime
2025-07-23 18:56:32,706	INFO	Mission Accomplished!
2025-07-23 18:57:32,703	INFO	Cleared for lift off!
2025-07-23 18:57:32,704	INFO	Processing Device: biotime
2025-07-23 18:57:35,239	INFO	Successfully processed Device: biotime
2025-07-23 18:57:35,243	INFO	Mission Accomplished!
2025-07-23 18:58:35,240	INFO	Cleared for lift off!
2025-07-23 18:58:35,241	INFO	Processing Device: biotime
2025-07-23 18:58:37,269	INFO	Successfully processed Device: biotime
2025-07-23 18:58:37,273	INFO	Mission Accomplished!
2025-07-23 18:59:37,274	INFO	Cleared for lift off!
2025-07-23 18:59:37,275	INFO	Processing Device: biotime
2025-07-23 18:59:39,179	INFO	Successfully processed Device: biotime
2025-07-23 18:59:39,183	INFO	Mission Accomplished!
2025-07-23 19:00:39,181	INFO	Cleared for lift off!
2025-07-23 19:00:39,181	INFO	Processing Device: biotime
2025-07-23 19:00:41,628	INFO	Successfully processed Device: biotime
2025-07-23 19:00:41,633	INFO	Mission Accomplished!
2025-07-23 19:01:41,631	INFO	Cleared for lift off!
2025-07-23 19:01:41,633	INFO	Processing Device: biotime
2025-07-23 19:01:43,097	INFO	Successfully processed Device: biotime
2025-07-23 19:01:43,099	INFO	Mission Accomplished!
2025-07-23 19:02:43,095	INFO	Cleared for lift off!
2025-07-23 19:02:43,096	INFO	Processing Device: biotime
2025-07-23 19:02:45,388	INFO	Successfully processed Device: biotime
2025-07-23 19:02:45,390	INFO	Mission Accomplished!
2025-07-23 19:03:45,389	INFO	Cleared for lift off!
2025-07-23 19:03:45,391	INFO	Processing Device: biotime
2025-07-23 19:03:47,723	INFO	Successfully processed Device: biotime
2025-07-23 19:03:47,725	INFO	Mission Accomplished!
2025-07-23 19:04:47,722	INFO	Cleared for lift off!
2025-07-23 19:04:47,723	INFO	Processing Device: biotime
2025-07-23 19:04:49,953	INFO	Successfully processed Device: biotime
2025-07-23 19:04:49,955	INFO	Mission Accomplished!
2025-07-23 19:05:49,954	INFO	Cleared for lift off!
2025-07-23 19:05:49,955	INFO	Processing Device: biotime
2025-07-23 19:05:52,313	INFO	Successfully processed Device: biotime
2025-07-23 19:05:52,317	INFO	Mission Accomplished!
2025-07-23 19:06:52,320	INFO	Cleared for lift off!
2025-07-23 19:06:52,321	INFO	Processing Device: biotime
2025-07-23 19:06:53,863	INFO	Successfully processed Device: biotime
2025-07-23 19:06:53,865	INFO	Mission Accomplished!
2025-07-23 19:07:53,865	INFO	Cleared for lift off!
2025-07-23 19:07:53,867	INFO	Processing Device: biotime
2025-07-23 19:07:55,885	INFO	Successfully processed Device: biotime
2025-07-23 19:07:55,889	INFO	Mission Accomplished!
2025-07-23 19:08:55,888	INFO	Cleared for lift off!
2025-07-23 19:08:55,889	INFO	Processing Device: biotime
2025-07-23 19:08:57,769	INFO	Successfully processed Device: biotime
2025-07-23 19:08:57,771	INFO	Mission Accomplished!
2025-07-23 19:09:57,772	INFO	Cleared for lift off!
2025-07-23 19:09:57,773	INFO	Processing Device: biotime
2025-07-23 19:10:00,429	INFO	Successfully processed Device: biotime
2025-07-23 19:10:00,431	INFO	Mission Accomplished!
2025-07-23 19:11:00,431	INFO	Cleared for lift off!
2025-07-23 19:11:00,433	INFO	Processing Device: biotime
2025-07-23 19:11:02,880	INFO	Successfully processed Device: biotime
2025-07-23 19:11:02,881	INFO	Mission Accomplished!
2025-07-23 19:12:02,880	INFO	Cleared for lift off!
2025-07-23 19:12:02,884	INFO	Processing Device: biotime
2025-07-23 19:12:05,198	INFO	Successfully processed Device: biotime
2025-07-23 19:12:05,203	INFO	Mission Accomplished!
2025-07-23 19:13:05,201	INFO	Cleared for lift off!
2025-07-23 19:13:05,202	INFO	Processing Device: biotime
2025-07-23 19:13:07,424	INFO	Successfully processed Device: biotime
2025-07-23 19:13:07,430	INFO	Mission Accomplished!
2025-07-23 19:14:07,434	INFO	Cleared for lift off!
2025-07-23 19:14:07,435	INFO	Processing Device: biotime
2025-07-23 19:14:08,856	INFO	Successfully processed Device: biotime
2025-07-23 19:14:08,858	INFO	Mission Accomplished!
2025-07-23 19:15:08,857	INFO	Cleared for lift off!
2025-07-23 19:15:08,858	INFO	Processing Device: biotime
2025-07-23 19:15:10,956	INFO	Successfully processed Device: biotime
2025-07-23 19:15:10,961	INFO	Mission Accomplished!
2025-07-23 19:16:10,962	INFO	Cleared for lift off!
2025-07-23 19:16:10,963	INFO	Processing Device: biotime
2025-07-23 19:16:13,281	INFO	Successfully processed Device: biotime
2025-07-23 19:16:13,284	INFO	Mission Accomplished!
2025-07-23 19:17:13,283	INFO	Cleared for lift off!
2025-07-23 19:17:13,284	INFO	Processing Device: biotime
2025-07-23 19:17:15,986	INFO	Successfully processed Device: biotime
2025-07-23 19:17:15,988	INFO	Mission Accomplished!
2025-07-23 19:18:15,986	INFO	Cleared for lift off!
2025-07-23 19:18:15,987	INFO	Processing Device: biotime
2025-07-23 19:18:18,085	INFO	Successfully processed Device: biotime
2025-07-23 19:18:18,087	INFO	Mission Accomplished!
2025-07-23 19:19:18,085	INFO	Cleared for lift off!
2025-07-23 19:19:18,086	INFO	Processing Device: biotime
2025-07-23 19:19:19,993	INFO	Successfully processed Device: biotime
2025-07-23 19:19:19,996	INFO	Mission Accomplished!
2025-07-23 19:20:19,994	INFO	Cleared for lift off!
2025-07-23 19:20:19,995	INFO	Processing Device: biotime
2025-07-23 19:20:22,556	INFO	Successfully processed Device: biotime
2025-07-23 19:20:22,558	INFO	Mission Accomplished!
2025-07-23 19:21:22,556	INFO	Cleared for lift off!
2025-07-23 19:21:22,557	INFO	Processing Device: biotime
2025-07-23 19:21:24,911	INFO	Successfully processed Device: biotime
2025-07-23 19:21:24,914	INFO	Mission Accomplished!
2025-07-23 19:22:24,935	INFO	Cleared for lift off!
2025-07-23 19:22:24,936	INFO	Processing Device: biotime
2025-07-23 19:22:27,082	INFO	Successfully processed Device: biotime
2025-07-23 19:22:27,086	INFO	Mission Accomplished!
2025-07-23 19:23:27,086	INFO	Cleared for lift off!
2025-07-23 19:23:27,086	INFO	Processing Device: biotime
2025-07-23 19:23:29,097	INFO	Successfully processed Device: biotime
2025-07-23 19:23:29,101	INFO	Mission Accomplished!
2025-07-23 19:24:29,103	INFO	Cleared for lift off!
2025-07-23 19:24:29,104	INFO	Processing Device: biotime
2025-07-23 19:24:31,630	INFO	Successfully processed Device: biotime
2025-07-23 19:24:31,633	INFO	Mission Accomplished!
2025-07-23 19:25:31,634	INFO	Cleared for lift off!
2025-07-23 19:25:31,634	INFO	Processing Device: biotime
2025-07-23 19:25:33,470	INFO	Successfully processed Device: biotime
2025-07-23 19:25:33,472	INFO	Mission Accomplished!
2025-07-23 19:26:33,474	INFO	Cleared for lift off!
2025-07-23 19:26:33,475	INFO	Processing Device: biotime
2025-07-23 19:26:34,897	INFO	Successfully processed Device: biotime
2025-07-23 19:26:34,899	INFO	Mission Accomplished!
2025-07-23 19:27:34,899	INFO	Cleared for lift off!
2025-07-23 19:27:34,900	INFO	Processing Device: biotime
2025-07-23 19:27:37,062	INFO	Successfully processed Device: biotime
2025-07-23 19:27:37,068	INFO	Mission Accomplished!
2025-07-23 19:28:37,083	INFO	Cleared for lift off!
2025-07-23 19:28:37,084	INFO	Processing Device: biotime
2025-07-23 19:28:39,107	INFO	Successfully processed Device: biotime
2025-07-23 19:28:39,112	INFO	Mission Accomplished!
2025-07-23 19:29:39,114	INFO	Cleared for lift off!
2025-07-23 19:29:39,114	INFO	Processing Device: biotime
2025-07-23 19:29:41,136	INFO	Successfully processed Device: biotime
2025-07-23 19:29:41,139	INFO	Mission Accomplished!
2025-07-23 19:30:41,139	INFO	Cleared for lift off!
2025-07-23 19:30:41,140	INFO	Processing Device: biotime
2025-07-23 19:30:42,730	INFO	Successfully processed Device: biotime
2025-07-23 19:30:42,735	INFO	Mission Accomplished!
2025-07-23 19:31:42,736	INFO	Cleared for lift off!
2025-07-23 19:31:42,737	INFO	Processing Device: biotime
2025-07-23 19:31:44,750	INFO	Successfully processed Device: biotime
2025-07-23 19:31:44,753	INFO	Mission Accomplished!
2025-07-23 19:32:44,753	INFO	Cleared for lift off!
2025-07-23 19:32:44,754	INFO	Processing Device: biotime
2025-07-23 19:32:46,185	INFO	Successfully processed Device: biotime
2025-07-23 19:32:46,187	INFO	Mission Accomplished!
2025-07-23 19:33:46,206	INFO	Cleared for lift off!
2025-07-23 19:33:46,208	INFO	Processing Device: biotime
2025-07-23 19:33:48,634	INFO	Successfully processed Device: biotime
2025-07-23 19:33:48,636	INFO	Mission Accomplished!
2025-07-23 19:34:48,637	INFO	Cleared for lift off!
2025-07-23 19:34:48,638	INFO	Processing Device: biotime
2025-07-23 19:34:50,829	INFO	Successfully processed Device: biotime
2025-07-23 19:34:50,831	INFO	Mission Accomplished!
2025-07-23 19:35:50,850	INFO	Cleared for lift off!
2025-07-23 19:35:50,860	INFO	Processing Device: biotime
2025-07-23 19:35:53,124	INFO	Successfully processed Device: biotime
2025-07-23 19:35:53,126	INFO	Mission Accomplished!
2025-07-23 19:36:53,127	INFO	Cleared for lift off!
2025-07-23 19:36:53,128	INFO	Processing Device: biotime
2025-07-23 19:36:55,651	INFO	Successfully processed Device: biotime
2025-07-23 19:36:55,653	INFO	Mission Accomplished!
2025-07-23 19:37:55,659	INFO	Cleared for lift off!
2025-07-23 19:37:55,661	INFO	Processing Device: biotime
2025-07-23 19:37:58,060	INFO	Successfully processed Device: biotime
2025-07-23 19:37:58,062	INFO	Mission Accomplished!
2025-07-23 19:38:58,064	INFO	Cleared for lift off!
2025-07-23 19:38:58,065	INFO	Processing Device: biotime
2025-07-23 19:39:00,628	INFO	Successfully processed Device: biotime
2025-07-23 19:39:00,631	INFO	Mission Accomplished!
2025-07-23 19:40:00,632	INFO	Cleared for lift off!
2025-07-23 19:40:00,633	INFO	Processing Device: biotime
2025-07-23 19:40:02,739	INFO	Successfully processed Device: biotime
2025-07-23 19:40:02,741	INFO	Mission Accomplished!
2025-07-23 19:41:02,742	INFO	Cleared for lift off!
2025-07-23 19:41:02,742	INFO	Processing Device: biotime
2025-07-23 19:41:04,693	INFO	Successfully processed Device: biotime
2025-07-23 19:41:04,696	INFO	Mission Accomplished!
2025-07-23 19:42:04,701	INFO	Cleared for lift off!
2025-07-23 19:42:04,702	INFO	Processing Device: biotime
2025-07-23 19:42:06,680	INFO	Successfully processed Device: biotime
2025-07-23 19:42:06,683	INFO	Mission Accomplished!
2025-07-23 19:43:06,690	INFO	Cleared for lift off!
2025-07-23 19:43:06,691	INFO	Processing Device: biotime
2025-07-23 19:43:09,261	INFO	Successfully processed Device: biotime
2025-07-23 19:43:09,265	INFO	Mission Accomplished!
2025-07-23 19:44:09,270	INFO	Cleared for lift off!
2025-07-23 19:44:09,271	INFO	Processing Device: biotime
2025-07-23 19:44:11,717	INFO	Successfully processed Device: biotime
2025-07-23 19:44:11,720	INFO	Mission Accomplished!
2025-07-23 19:45:11,738	INFO	Cleared for lift off!
2025-07-23 19:45:11,739	INFO	Processing Device: biotime
2025-07-23 19:45:13,411	INFO	Successfully processed Device: biotime
2025-07-23 19:45:13,414	INFO	Mission Accomplished!
2025-07-23 19:46:13,417	INFO	Cleared for lift off!
2025-07-23 19:46:13,418	INFO	Processing Device: biotime
2025-07-23 19:46:15,281	INFO	Successfully processed Device: biotime
2025-07-23 19:46:15,284	INFO	Mission Accomplished!
2025-07-23 19:47:15,287	INFO	Cleared for lift off!
2025-07-23 19:47:15,288	INFO	Processing Device: biotime
2025-07-23 19:47:17,646	INFO	Successfully processed Device: biotime
2025-07-23 19:47:17,647	INFO	Mission Accomplished!
2025-07-23 19:48:17,663	INFO	Cleared for lift off!
2025-07-23 19:48:17,665	INFO	Processing Device: biotime
2025-07-23 19:48:19,929	INFO	Successfully processed Device: biotime
2025-07-23 19:48:19,933	INFO	Mission Accomplished!
2025-07-23 19:49:19,935	INFO	Cleared for lift off!
2025-07-23 19:49:19,936	INFO	Processing Device: biotime
2025-07-23 19:49:22,481	INFO	Successfully processed Device: biotime
2025-07-23 19:49:22,483	INFO	Mission Accomplished!
2025-07-23 19:50:22,486	INFO	Cleared for lift off!
2025-07-23 19:50:22,487	INFO	Processing Device: biotime
2025-07-23 19:50:24,449	INFO	Successfully processed Device: biotime
2025-07-23 19:50:24,455	INFO	Mission Accomplished!
2025-07-23 19:51:24,490	INFO	Cleared for lift off!
2025-07-23 19:51:24,491	INFO	Processing Device: biotime
2025-07-23 19:51:26,854	INFO	Successfully processed Device: biotime
2025-07-23 19:51:26,857	INFO	Mission Accomplished!
2025-07-23 19:52:26,857	INFO	Cleared for lift off!
2025-07-23 19:52:26,858	INFO	Processing Device: biotime
2025-07-23 19:52:28,996	INFO	Successfully processed Device: biotime
2025-07-23 19:52:28,999	INFO	Mission Accomplished!
2025-07-23 19:53:29,001	INFO	Cleared for lift off!
2025-07-23 19:53:29,002	INFO	Processing Device: biotime
2025-07-23 19:53:30,445	INFO	Successfully processed Device: biotime
2025-07-23 19:53:30,446	INFO	Mission Accomplished!
2025-07-23 19:54:30,460	INFO	Cleared for lift off!
2025-07-23 19:54:30,461	INFO	Processing Device: biotime
2025-07-23 19:54:32,052	INFO	Successfully processed Device: biotime
2025-07-23 19:54:32,055	INFO	Mission Accomplished!
2025-07-23 19:55:32,057	INFO	Cleared for lift off!
2025-07-23 19:55:32,058	INFO	Processing Device: biotime
2025-07-23 19:55:33,896	INFO	Successfully processed Device: biotime
2025-07-23 19:55:33,901	INFO	Mission Accomplished!
2025-07-23 19:56:33,910	INFO	Cleared for lift off!
2025-07-23 19:56:33,910	INFO	Processing Device: biotime
2025-07-23 19:56:36,213	INFO	Successfully processed Device: biotime
2025-07-23 19:56:36,216	INFO	Mission Accomplished!
2025-07-23 19:57:36,222	INFO	Cleared for lift off!
2025-07-23 19:57:36,223	INFO	Processing Device: biotime
2025-07-23 19:57:37,847	INFO	Successfully processed Device: biotime
2025-07-23 19:57:37,849	INFO	Mission Accomplished!
2025-07-23 19:58:37,853	INFO	Cleared for lift off!
2025-07-23 19:58:37,853	INFO	Processing Device: biotime
2025-07-23 19:58:39,955	INFO	Successfully processed Device: biotime
2025-07-23 19:58:39,956	INFO	Mission Accomplished!
2025-07-23 19:59:39,959	INFO	Cleared for lift off!
2025-07-23 19:59:39,960	INFO	Processing Device: biotime
2025-07-23 19:59:42,379	INFO	Successfully processed Device: biotime
2025-07-23 19:59:42,382	INFO	Mission Accomplished!
2025-07-23 20:00:42,388	INFO	Cleared for lift off!
2025-07-23 20:00:42,388	INFO	Processing Device: biotime
2025-07-23 20:00:44,498	INFO	Successfully processed Device: biotime
2025-07-23 20:00:44,500	INFO	Mission Accomplished!
2025-07-23 20:01:44,503	INFO	Cleared for lift off!
2025-07-23 20:01:44,504	INFO	Processing Device: biotime
2025-07-23 20:01:46,263	INFO	Successfully processed Device: biotime
2025-07-23 20:01:46,266	INFO	Mission Accomplished!
2025-07-23 20:02:46,270	INFO	Cleared for lift off!
2025-07-23 20:02:46,271	INFO	Processing Device: biotime
2025-07-23 20:02:48,313	INFO	Successfully processed Device: biotime
2025-07-23 20:02:48,316	INFO	Mission Accomplished!
2025-07-23 20:03:48,318	INFO	Cleared for lift off!
2025-07-23 20:03:48,319	INFO	Processing Device: biotime
2025-07-23 20:03:49,978	INFO	Successfully processed Device: biotime
2025-07-23 20:03:49,980	INFO	Mission Accomplished!
2025-07-23 20:04:49,983	INFO	Cleared for lift off!
2025-07-23 20:04:49,984	INFO	Processing Device: biotime
2025-07-23 20:04:51,989	INFO	Successfully processed Device: biotime
2025-07-23 20:04:51,993	INFO	Mission Accomplished!
2025-07-23 20:05:52,003	INFO	Cleared for lift off!
2025-07-23 20:05:52,004	INFO	Processing Device: biotime
2025-07-23 20:05:54,059	INFO	Successfully processed Device: biotime
2025-07-23 20:05:54,068	INFO	Mission Accomplished!
2025-07-23 20:06:54,071	INFO	Cleared for lift off!
2025-07-23 20:06:54,073	INFO	Processing Device: biotime
2025-07-23 20:06:56,132	INFO	Successfully processed Device: biotime
2025-07-23 20:06:56,136	INFO	Mission Accomplished!
2025-07-23 20:07:56,140	INFO	Cleared for lift off!
2025-07-23 20:07:56,141	INFO	Processing Device: biotime
2025-07-23 20:07:58,291	INFO	Successfully processed Device: biotime
2025-07-23 20:07:58,294	INFO	Mission Accomplished!
2025-07-23 20:08:58,297	INFO	Cleared for lift off!
2025-07-23 20:08:58,298	INFO	Processing Device: biotime
2025-07-23 20:09:00,568	INFO	Successfully processed Device: biotime
2025-07-23 20:09:00,571	INFO	Mission Accomplished!
2025-07-23 20:10:00,574	INFO	Cleared for lift off!
2025-07-23 20:10:00,575	INFO	Processing Device: biotime
2025-07-23 20:10:02,619	INFO	Successfully processed Device: biotime
2025-07-23 20:10:02,622	INFO	Mission Accomplished!
2025-07-23 20:11:02,624	INFO	Cleared for lift off!
2025-07-23 20:11:02,625	INFO	Processing Device: biotime
2025-07-23 20:11:04,964	INFO	Successfully processed Device: biotime
2025-07-23 20:11:04,967	INFO	Mission Accomplished!
2025-07-23 20:12:04,971	INFO	Cleared for lift off!
2025-07-23 20:12:04,973	INFO	Processing Device: biotime
2025-07-23 20:12:07,170	INFO	Successfully processed Device: biotime
2025-07-23 20:12:07,171	INFO	Mission Accomplished!
2025-07-23 20:13:07,177	INFO	Cleared for lift off!
2025-07-23 20:13:07,178	INFO	Processing Device: biotime
2025-07-23 20:13:09,057	INFO	Successfully processed Device: biotime
2025-07-23 20:13:09,060	INFO	Mission Accomplished!
2025-07-23 20:14:09,072	INFO	Cleared for lift off!
2025-07-23 20:14:09,073	INFO	Processing Device: biotime
2025-07-23 20:14:10,458	INFO	Successfully processed Device: biotime
2025-07-23 20:14:10,460	INFO	Mission Accomplished!
2025-07-23 20:15:10,463	INFO	Cleared for lift off!
2025-07-23 20:15:10,463	INFO	Processing Device: biotime
2025-07-23 20:15:12,085	INFO	Successfully processed Device: biotime
2025-07-23 20:15:12,086	INFO	Mission Accomplished!
2025-07-23 20:16:12,090	INFO	Cleared for lift off!
2025-07-23 20:16:12,090	INFO	Processing Device: biotime
2025-07-23 20:16:13,583	INFO	Successfully processed Device: biotime
2025-07-23 20:16:13,585	INFO	Mission Accomplished!
2025-07-23 20:17:13,590	INFO	Cleared for lift off!
2025-07-23 20:17:13,591	INFO	Processing Device: biotime
2025-07-23 20:17:14,930	INFO	Successfully processed Device: biotime
2025-07-23 20:17:14,932	INFO	Mission Accomplished!
2025-07-23 20:18:14,936	INFO	Cleared for lift off!
2025-07-23 20:18:14,936	INFO	Processing Device: biotime
2025-07-23 20:18:16,319	INFO	Successfully processed Device: biotime
2025-07-23 20:18:16,320	INFO	Mission Accomplished!
2025-07-23 20:19:16,324	INFO	Cleared for lift off!
2025-07-23 20:19:16,325	INFO	Processing Device: biotime
2025-07-23 20:19:17,456	INFO	Successfully processed Device: biotime
2025-07-23 20:19:17,457	INFO	Mission Accomplished!
2025-07-23 20:20:17,460	INFO	Cleared for lift off!
2025-07-23 20:20:17,461	INFO	Processing Device: biotime
2025-07-23 20:20:19,499	INFO	Successfully processed Device: biotime
2025-07-23 20:20:19,502	INFO	Mission Accomplished!
2025-07-23 20:21:19,506	INFO	Cleared for lift off!
2025-07-23 20:21:19,507	INFO	Processing Device: biotime
2025-07-23 20:21:21,418	INFO	Successfully processed Device: biotime
2025-07-23 20:21:21,424	INFO	Mission Accomplished!
2025-07-23 20:22:21,428	INFO	Cleared for lift off!
2025-07-23 20:22:21,429	INFO	Processing Device: biotime
2025-07-23 20:22:22,886	INFO	Successfully processed Device: biotime
2025-07-23 20:22:22,888	INFO	Mission Accomplished!
2025-07-23 20:23:22,890	INFO	Cleared for lift off!
2025-07-23 20:23:22,891	INFO	Processing Device: biotime
2025-07-23 20:23:24,432	INFO	Successfully processed Device: biotime
2025-07-23 20:23:24,433	INFO	Mission Accomplished!
2025-07-23 20:24:24,435	INFO	Cleared for lift off!
2025-07-23 20:24:24,436	INFO	Processing Device: biotime
2025-07-23 20:24:26,431	INFO	Successfully processed Device: biotime
2025-07-23 20:24:26,432	INFO	Mission Accomplished!
2025-07-23 20:25:26,436	INFO	Cleared for lift off!
2025-07-23 20:25:26,436	INFO	Processing Device: biotime
2025-07-23 20:25:27,933	INFO	Successfully processed Device: biotime
2025-07-23 20:25:27,934	INFO	Mission Accomplished!
2025-07-23 20:26:27,937	INFO	Cleared for lift off!
2025-07-23 20:26:27,939	INFO	Processing Device: biotime
2025-07-23 20:26:29,418	INFO	Successfully processed Device: biotime
2025-07-23 20:26:29,419	INFO	Mission Accomplished!
2025-07-23 20:27:29,423	INFO	Cleared for lift off!
2025-07-23 20:27:29,423	INFO	Processing Device: biotime
2025-07-23 20:27:30,934	INFO	Successfully processed Device: biotime
2025-07-23 20:27:30,935	INFO	Mission Accomplished!
2025-07-23 20:28:30,939	INFO	Cleared for lift off!
2025-07-23 20:28:30,941	INFO	Processing Device: biotime
2025-07-23 20:28:32,296	INFO	Successfully processed Device: biotime
2025-07-23 20:28:32,300	INFO	Mission Accomplished!
2025-07-23 20:29:32,303	INFO	Cleared for lift off!
2025-07-23 20:29:32,304	INFO	Processing Device: biotime
2025-07-23 20:29:33,512	INFO	Successfully processed Device: biotime
2025-07-23 20:29:33,513	INFO	Mission Accomplished!
2025-07-23 20:30:33,516	INFO	Cleared for lift off!
2025-07-23 20:30:33,517	INFO	Processing Device: biotime
2025-07-23 20:30:34,824	INFO	Successfully processed Device: biotime
2025-07-23 20:30:34,825	INFO	Mission Accomplished!
2025-07-23 20:31:34,836	INFO	Cleared for lift off!
2025-07-23 20:31:34,836	INFO	Processing Device: biotime
2025-07-23 20:31:36,328	INFO	Successfully processed Device: biotime
2025-07-23 20:31:36,330	INFO	Mission Accomplished!
2025-07-23 20:32:36,333	INFO	Cleared for lift off!
2025-07-23 20:32:36,334	INFO	Processing Device: biotime
2025-07-23 20:32:37,807	INFO	Successfully processed Device: biotime
2025-07-23 20:32:37,808	INFO	Mission Accomplished!
2025-07-23 20:33:37,812	INFO	Cleared for lift off!
2025-07-23 20:33:37,813	INFO	Processing Device: biotime
2025-07-23 20:33:39,090	INFO	Successfully processed Device: biotime
2025-07-23 20:33:39,092	INFO	Mission Accomplished!
2025-07-23 20:34:39,096	INFO	Cleared for lift off!
2025-07-23 20:34:39,098	INFO	Processing Device: biotime
2025-07-23 20:34:40,618	INFO	Successfully processed Device: biotime
2025-07-23 20:34:40,619	INFO	Mission Accomplished!
2025-07-23 20:35:40,623	INFO	Cleared for lift off!
2025-07-23 20:35:40,624	INFO	Processing Device: biotime
2025-07-23 20:35:42,545	INFO	Successfully processed Device: biotime
2025-07-23 20:35:42,547	INFO	Mission Accomplished!
2025-07-23 20:36:42,549	INFO	Cleared for lift off!
2025-07-23 20:36:42,550	INFO	Processing Device: biotime
2025-07-23 20:36:43,817	INFO	Successfully processed Device: biotime
2025-07-23 20:36:43,821	INFO	Mission Accomplished!
2025-07-23 20:37:43,825	INFO	Cleared for lift off!
2025-07-23 20:37:43,826	INFO	Processing Device: biotime
2025-07-23 20:37:45,131	INFO	Successfully processed Device: biotime
2025-07-23 20:37:45,134	INFO	Mission Accomplished!
2025-07-23 20:38:45,137	INFO	Cleared for lift off!
2025-07-23 20:38:45,138	INFO	Processing Device: biotime
2025-07-23 20:38:46,205	INFO	Successfully processed Device: biotime
2025-07-23 20:38:46,206	INFO	Mission Accomplished!
2025-07-23 20:39:46,211	INFO	Cleared for lift off!
2025-07-23 20:39:46,212	INFO	Processing Device: biotime
2025-07-23 20:39:47,419	INFO	Successfully processed Device: biotime
2025-07-23 20:39:47,421	INFO	Mission Accomplished!
2025-07-23 20:40:47,425	INFO	Cleared for lift off!
2025-07-23 20:40:47,426	INFO	Processing Device: biotime
2025-07-23 20:40:48,648	INFO	Successfully processed Device: biotime
2025-07-23 20:40:48,649	INFO	Mission Accomplished!
2025-07-23 20:41:48,655	INFO	Cleared for lift off!
2025-07-23 20:41:48,656	INFO	Processing Device: biotime
2025-07-23 20:41:49,900	INFO	Successfully processed Device: biotime
2025-07-23 20:41:49,901	INFO	Mission Accomplished!
2025-07-23 20:42:49,930	INFO	Cleared for lift off!
2025-07-23 20:42:49,931	INFO	Processing Device: biotime
2025-07-23 20:42:51,515	INFO	Successfully processed Device: biotime
2025-07-23 20:42:51,516	INFO	Mission Accomplished!
2025-07-23 20:43:51,521	INFO	Cleared for lift off!
2025-07-23 20:43:51,521	INFO	Processing Device: biotime
2025-07-23 20:43:53,126	INFO	Successfully processed Device: biotime
2025-07-23 20:43:53,127	INFO	Mission Accomplished!
2025-07-23 20:44:53,130	INFO	Cleared for lift off!
2025-07-23 20:44:53,131	INFO	Processing Device: biotime
2025-07-23 20:44:54,224	INFO	Successfully processed Device: biotime
2025-07-23 20:44:54,226	INFO	Mission Accomplished!
2025-07-23 20:45:54,228	INFO	Cleared for lift off!
2025-07-23 20:45:54,229	INFO	Processing Device: biotime
2025-07-23 20:45:56,550	INFO	Successfully processed Device: biotime
2025-07-23 20:45:56,554	INFO	Mission Accomplished!
2025-07-23 20:46:56,557	INFO	Cleared for lift off!
2025-07-23 20:46:56,558	INFO	Processing Device: biotime
2025-07-23 20:46:58,687	INFO	Successfully processed Device: biotime
2025-07-23 20:46:58,691	INFO	Mission Accomplished!
2025-07-23 20:47:58,694	INFO	Cleared for lift off!
2025-07-23 20:47:58,695	INFO	Processing Device: biotime
2025-07-23 20:47:59,873	INFO	Successfully processed Device: biotime
2025-07-23 20:47:59,874	INFO	Mission Accomplished!
2025-07-23 20:48:59,877	INFO	Cleared for lift off!
2025-07-23 20:48:59,878	INFO	Processing Device: biotime
2025-07-23 20:49:01,137	INFO	Successfully processed Device: biotime
2025-07-23 20:49:01,137	INFO	Mission Accomplished!
2025-07-23 20:50:01,140	INFO	Cleared for lift off!
2025-07-23 20:50:01,141	INFO	Processing Device: biotime
2025-07-23 20:50:02,232	INFO	Successfully processed Device: biotime
2025-07-23 20:50:02,234	INFO	Mission Accomplished!
2025-07-23 20:51:02,237	INFO	Cleared for lift off!
2025-07-23 20:51:02,239	INFO	Processing Device: biotime
2025-07-23 20:51:03,391	INFO	Successfully processed Device: biotime
2025-07-23 20:51:03,392	INFO	Mission Accomplished!
2025-07-24 15:05:39,139	INFO	Cleared for lift off!
2025-07-24 15:05:39,140	INFO	Processing Device: biotime
2025-07-24 15:05:44,074	INFO	Successfully processed Device: biotime
2025-07-24 15:05:44,076	INFO	Mission Accomplished!
